#
# A fatal error has been detected by the Java Runtime Environment:
#
#  SIGBUS (0xa) at pc=0x000000010ddd94f0, pid=4387, tid=34823
#
# JRE version: Java(TM) SE Runtime Environment (17.0.2+8) (build 17.0.2+8-LTS-86)
# Java VM: Java HotSpot(TM) 64-Bit Server VM (17.0.2+8-LTS-86, mixed mode, sharing, tiered, compressed oops, compressed class ptrs, g1 gc, bsd-aarch64)
# Problematic frame:
# v  ~StubRoutines::SafeFetchN
#
# No core dump will be written. Core dumps have been disabled. To enable core dumping, try "ulimit -c unlimited" before starting Java again
#
# If you would like to submit a bug report, please visit:
#   https://bugreport.java.com/bugreport/crash.jsp
# The crash happened outside the Java Virtual Machine in native code.
# See problematic frame for where to report the bug.
#

---------------  S U M M A R Y ------------

Command Line: -Djava.library.path=/Users/johan/Downloads/javafx-sdk-17.0.2/lib -javaagent:/Applications/IntelliJ IDEA.app/Contents/lib/idea_rt.jar=50532:/Applications/IntelliJ IDEA.app/Contents/bin -Dfile.encoding=UTF-8 --module-path=/Users/johan/.m2/repository/org/openjfx/javafx-graphics/17.0.1/javafx-graphics-17.0.1-mac-aarch64.jar:/Users/johan/Downloads/javafx-sdk-17.0.2/lib/javafx.graphics.jar:/Users/johan/.m2/repository/org/openjfx/javafx-base/17.0.1/javafx-base-17.0.1-mac-aarch64.jar:/Users/johan/Downloads/javafx-sdk-17.0.2/lib/javafx.base.jar:/Users/johan/.m2/repository/org/openjfx/javafx-fxml/17.0.1/javafx-fxml-17.0.1-mac-aarch64.jar:/Users/johan/Downloads/javafx-sdk-17.0.2/lib/javafx.fxml.jar:/Users/johan/dev/feuerwehr-demo/target/classes:/Users/johan/.m2/repository/org/openjfx/javafx-controls/17.0.1/javafx-controls-17.0.1-mac-aarch64.jar:/Users/johan/Downloads/javafx-sdk-17.0.2/lib/javafx.controls.jar:/Users/johan/.m2/repository/org/kordamp/ikonli/ikonli-javafx/12.2.0/ikonli-javafx-12.2.0.jar:/Users/johan/Downloads/javafx-sdk-17.0.2/lib/javafx.media.jar:/Users/johan/.m2/repository/org/kordamp/bootstrapfx/bootstrapfx-core/0.4.0/bootstrapfx-core-0.4.0.jar:/Users/johan/.m2/repository/org/kordamp/ikonli/ikonli-core/12.2.0/ikonli-core-12.2.0.jar:/Users/johan/.m2/repository/com/dlsc/formsfx/formsfx-core/11.3.2/formsfx-core-11.3.2.jar:/Users/johan/.m2/repository/org/controlsfx/controlsfx/11.1.0/controlsfx-11.1.0.jar -Djdk.module.main=com.feuerwehrdemo com.feuerwehrdemo/com.feuerwehrdemo.HelloApplication

Host: "MacBookPro18,3" arm64 1 MHz, 8 cores, 16G, Darwin 21.4.0, macOS 12.3 (21E5196i)
Time: Tue Mar  8 18:08:29 2022 CET elapsed time: 2.812060 seconds (0d 0h 0m 2s)

---------------  T H R E A D  ---------------

Current thread (0x000000013c814000):  JavaThread "InvokeLaterDispatcher" daemon [_thread_in_native, id=34823, stack(0x000000016e2ec000,0x000000016e4ef000)]

Stack: [0x000000016e2ec000,0x000000016e4ef000],  sp=0x000000016e4ee7b0,  free space=2057k
Native frames: (J=compiled Java code, j=interpreted, Vv=VM code, C=native code)
v  ~StubRoutines::SafeFetchN
V  [libjvm.dylib+0x7a4748]  _ZN10OopStorage7releaseEPKP7oopDesc+0x20
V  [libjvm.dylib+0x4b9e90]  jni_DeleteGlobalRef+0xc4
C  [libglass.dylib+0xab08]  -[GlassRunnable dealloc]+0x34
C  [Foundation+0x85bc8]  -[_NSThreadPerformInfo dealloc]+0x30
C  [Foundation+0x51fdc]  -[NSObject(NSThreadPerformAdditions) performSelectorOnMainThread:withObject:waitUntilDone:]+0x88
C  0xa26900010dde18ac
j  com.sun.glass.ui.mac.MacApplication.submitForLaterInvocation(Ljava/lang/Runnable;)V+2 javafx.graphics
j  com.sun.glass.ui.InvokeLaterDispatcher.run()V+82 javafx.graphics
v  ~StubRoutines::call_stub
V  [libjvm.dylib+0x4614e8]  _ZN9JavaCalls11call_helperEP9JavaValueRK12methodHandleP17JavaCallArgumentsP10JavaThread+0x38c
V  [libjvm.dylib+0x460504]  _ZN9JavaCalls12call_virtualEP9JavaValueP5KlassP6SymbolS5_P17JavaCallArgumentsP10JavaThread+0x11c
V  [libjvm.dylib+0x4605d0]  _ZN9JavaCalls12call_virtualEP9JavaValue6HandleP5KlassP6SymbolS6_P10JavaThread+0x64
V  [libjvm.dylib+0x513e50]  _ZL12thread_entryP10JavaThreadS0_+0xc4
V  [libjvm.dylib+0x90462c]  _ZN10JavaThread17thread_main_innerEv+0x134
V  [libjvm.dylib+0x902f54]  _ZN6Thread8call_runEv+0x128
V  [libjvm.dylib+0x7ab344]  _ZL19thread_native_entryP6Thread+0x158
C  [libsystem_pthread.dylib+0x725c]  _pthread_start+0x90

Java frames: (J=compiled Java code, j=interpreted, Vv=VM code)
j  com.sun.glass.ui.mac.MacApplication._submitForLaterInvocation(Ljava/lang/Runnable;)V+0 javafx.graphics
j  com.sun.glass.ui.mac.MacApplication.submitForLaterInvocation(Ljava/lang/Runnable;)V+2 javafx.graphics
j  com.sun.glass.ui.InvokeLaterDispatcher.run()V+82 javafx.graphics
v  ~StubRoutines::call_stub

siginfo: si_signo: 10 (SIGBUS), si_code: 1 (BUS_ADRALN), si_addr: 0x000000010ddd94f0

Register to memory mapping:

 x0=0x000000014be0a5c8 is a global jni handle
 x1=0x0 is NULL
 x2=0x000000070e401138 is an oop: com.sun.glass.ui.InvokeLaterDispatcher$Future 
{0x000000070e401138} - klass: 'com/sun/glass/ui/InvokeLaterDispatcher$Future'
 - ---- fields (total size 3 words):
 - private 'done' 'Z' @12  true
 - private final 'runnable' 'Ljava/lang/Runnable;' @16  a 'com/sun/javafx/tk/quantum/QuantumToolkit$$Lambda$86+0x0000000800c39200'{0x000000070e82c1f8} (e1d0583f)
 - final synthetic 'this$0' 'Lcom/sun/glass/ui/InvokeLaterDispatcher;' @20  a 'com/sun/glass/ui/InvokeLaterDispatcher'{0x000000070e815708} (e1d02ae1)
 x3=0x0 is NULL
 x4=0x00000000000130a8 is an unknown value
 x5=0x0 is NULL
 x6=0x0 is NULL
 x7=0x0 is NULL
 x8=0x000000010ddd94ec is at begin+0 in a stub
StubRoutines::SafeFetchN [0x000000010ddd94ec, 0x000000010ddd94f8] (12 bytes)
 x9=0x0 is NULL
x10=0x2010000030300000 is an unknown value
x11=0x0000000000000007 is an unknown value
x12=0x0000000000000007 is an unknown value
x13=0x00006000005b07e0 points into unknown readable memory: 0x0000000000000000 | 00 00 00 00 00 00 00 00
x14=0x00000b0000000000 is an unknown value
x15=0x00000001056b5f98: OBJC_CLASS_$_GlassRunnable+0 in /Users/johan/.openjfx/cache/17.0.1/libglass.dylib at 0x0000000105670000
x16=0x000000019ed09058: pthread_getspecific+0 in /usr/lib/system/libsystem_pthread.dylib at 0x000000019ed07000
x17=0x0000600000f992c0 points into unknown readable memory: 0xfffffffffffffffe | fe ff ff ff ff ff ff ff
x18=0x0 is NULL
x19=0x0000600000081340 points into unknown readable memory: 0x0000600002984510 | 10 45 98 02 00 60 00 00
x20=0x000000014be0a3c0 points into unknown readable memory: 0x0000000000000000 | 00 00 00 00 00 00 00 00
x21=0x000000014be0a5c8 is a global jni handle
x22=0x000000013c814000 is a thread
x23=0x0000000000000001 is an unknown value
x24=0x000000014be0a580 is a global jni handle
x25=0x00000001062a55e8: _ZN12StubRoutines17_safefetchN_entryE+0 in /Library/Java/JavaVirtualMachines/jdk-17.0.2.jdk/Contents/Home/lib/server/libjvm.dylib at 0x000000010570c000
x26=0x0000000128518238 is pointing into metadata
x27=0x0 is NULL
x28=0x000000013c814000 is a thread


Registers:
 x0=0x000000014be0a5c8  x1=0x0000000000000000  x2=0x000000070e401138  x3=0x0000000000000000
 x4=0x00000000000130a8  x5=0x0000000000000000  x6=0x0000000000000000  x7=0x0000000000000000
 x8=0x000000010ddd94ec  x9=0x0000000000000000 x10=0x2010000030300000 x11=0x0000000000000007
x12=0x0000000000000007 x13=0x00006000005b07e0 x14=0x00000b0000000000 x15=0x00000001056b5f98
x16=0x000000019ed09058 x17=0x0000600000f992c0 x18=0x0000000000000000 x19=0x0000600000081340
x20=0x000000014be0a3c0 x21=0x000000014be0a5c8 x22=0x000000013c814000 x23=0x0000000000000001
x24=0x000000014be0a580 x25=0x00000001062a55e8 x26=0x0000000128518238 x27=0x0000000000000000
x28=0x000000013c814000  fp=0x000000016e4ee7f0  lr=0x0000000105eaf518  sp=0x000000016e4ee7b0
pc=0x000000010ddd94f0 cpsr=0x0000000060001000
Top of Stack: (sp=0x000000016e4ee7b0)
0x000000016e4ee7b0:   0000000128518238 0000000000000001
0x000000016e4ee7c0:   000000016e4ee9a8 00006000029a1330
0x000000016e4ee7d0:   0000000000000000 000000014be0a5b8
0x000000016e4ee7e0:   000000014be0a5b8 0000600000081340
0x000000016e4ee7f0:   000000016e4ee830 0000000105eb0748
0x000000016e4ee800:   0000000000000001 000000014be0a5b8
0x000000016e4ee810:   0000000000000000 000000014be0a5b8
0x000000016e4ee820:   0000000000000001 000000013c814600
0x000000016e4ee830:   000000016e4ee860 0000000105bc5e90
0x000000016e4ee840:   00006000029a0440 00000001e8b9e533
0x000000016e4ee850:   0000000000000000 00006000029a0440
0x000000016e4ee860:   000000016e4ee890 000000010567ab08
0x000000016e4ee870:   ab44e8482ce400c5 0000000000000000
0x000000016e4ee880:   0000000000000000 0000600003e8d0c0
0x000000016e4ee890:   000000016e4ee8d0 000000019fcd5bc8
0x000000016e4ee8a0:   000000016e4ee9a8 00006000029a1330
0x000000016e4ee8b0:   00006000029a0440 ab44e8482ce400c5
0x000000016e4ee8c0:   0000000000000000 0000000000000000
0x000000016e4ee8d0:   000000016e4ee910 197780019fca1fdc
0x000000016e4ee8e0:   000000016e4ee9a8 000000010dde07c0
0x000000016e4ee8f0:   0000000000000000 00000001062acfa8
0x000000016e4ee900:   000000016e4ee920 000000010dddf730
0x000000016e4ee910:   000000016e4ee980 a26900010dde18ac
0x000000016e4ee920:   000000016e4ee920 000000080098c53d
0x000000016e4ee930:   000000016e4ee930 0000000000000000
0x000000016e4ee940:   000000016e4ee9a8 0000000128518238
0x000000016e4ee950:   000000070e82b9e8 0000000000000000
0x000000016e4ee960:   0000000000000000 00000001284f7138
0x000000016e4ee970:   0000000000000000 000000016e4ee980
0x000000016e4ee980:   000000016e4eea00 000000010ddddfc8
0x000000016e4ee990:   0000000000000000 0000000000000000
0x000000016e4ee9a0:   000000070e401138 000000070e82ba60 

Instructions: (pc=0x000000010ddd94f0)
0x000000010ddd93f0:   f2a0c4e9 f2c00029 6d425935 1e640886
0x000000010ddd9400:   0c402d31 1e6408c7 1f5654d0 1e6c1017
0x000000010ddd9410:   1f5050d0 1f504cd0 1f5048d0 1e650af6
0x000000010ddd9420:   1f50d8f6 1f5694d6 1f5158f6 1e762880
0x000000010ddd9430:   36000501 1e614000 14000026 2e251ca5
0x000000010ddd9440:   d2843009 f2a0c4e9 f2c00029 6d425d36
0x000000010ddd9450:   1e600806 0c402d32 1f5758c7 1e6c101a
0x000000010ddd9460:   1f4754c7 1e650805 1f4750c7 d2866668
0x000000010ddd9470:   f2a7fa68 1f474cc7 1e6608c0 1f4748c7
0x000000010ddd9480:   1e6e1019 eb08007f 540000ac 1f479400
0x000000010ddd9490:   1f460340 1e603b20 1400000e d2a7fd29
0x000000010ddd94a0:   eb09007f 540000ac 51480069 d3607d29
0x000000010ddd94b0:   9e670121 14000002 1e6a5001 1f679417
0x000000010ddd94c0:   1f668742 1e613b23 1e773857 1e773860
0x000000010ddd94d0:   a8c17ff3 910003bf a8c17bfd d65f03c0
0x000000010ddd94e0:   b9400001 aa0103e0 d65f03c0 f9400001
0x000000010ddd94f0:   aa0103e0 d65f03c0 00000000 00000000
0x000000010ddd9500:   00000000 00000000 00000000 00000000
0x000000010ddd9510:   00000000 00000000 00000000 00000000
0x000000010ddd9520:   00000000 00000000 00000000 00000000
0x000000010ddd9530:   00000000 00000000 00000000 00000000
0x000000010ddd9540:   00000000 00000000 00000000 00000000
0x000000010ddd9550:   00000000 00000000 00000000 00000000
0x000000010ddd9560:   00000000 00000000 00000000 00000000
0x000000010ddd9570:   00000000 00000000 00000000 00000000
0x000000010ddd9580:   00000000 00000000 00000000 00000000
0x000000010ddd9590:   00000000 00000000 00000000 00000000
0x000000010ddd95a0:   00000000 00000000 00000000 00000000
0x000000010ddd95b0:   00000000 00000000 00000000 00000000
0x000000010ddd95c0:   00000000 00000000 00000000 00000000
0x000000010ddd95d0:   00000000 00000000 00000000 00000000
0x000000010ddd95e0:   00000000 00000000 00000000 00000000 


Stack slot to memory mapping:
stack at sp + 0 slots: 0x0000000128518238 is pointing into metadata
stack at sp + 1 slots: 0x0000000000000001 is an unknown value
stack at sp + 2 slots: 0x000000016e4ee9a8 is pointing into the stack for thread: 0x000000013c814000
stack at sp + 3 slots: 0x00006000029a1330 points into unknown readable memory: 0x01000001f768a011 | 11 a0 68 f7 01 00 00 01
stack at sp + 4 slots: 0x0 is NULL
stack at sp + 5 slots: 0x000000014be0a5b8 is a global jni handle
stack at sp + 6 slots: 0x000000014be0a5b8 is a global jni handle
stack at sp + 7 slots: 0x0000600000081340 points into unknown readable memory: 0x0000600002984510 | 10 45 98 02 00 60 00 00

StubRoutines::SafeFetchN [0x000000010ddd94ec, 0x000000010ddd94f8] (12 bytes)
[MachCode]
  0x000000010ddd94ec: 0100 40f9 | e003 01aa | c003 5fd6 
[/MachCode]

---------------  P R O C E S S  ---------------

Threads class SMR info:
_java_thread_list=0x0000600002b30e40, length=20, elements={
0x000000015d00d400, 0x000000015c00f200, 0x000000015c024a00, 0x000000015d0ef400,
0x000000015d0efa00, 0x000000013c008200, 0x000000015c817200, 0x000000013c008800,
0x000000014c814200, 0x000000012c010c00, 0x000000015d0f1c00, 0x000000013c009e00,
0x000000013c808600, 0x000000013c814000, 0x000000013c814600, 0x000000015c052600,
0x000000013c96ba00, 0x000000013c96f200, 0x000000015c95f000, 0x000000015c95f600
}

Java Threads: ( => current thread )
  0x000000015d00d400 JavaThread "main" [_thread_blocked, id=5891, stack(0x000000016b8e4000,0x000000016bae7000)]
  0x000000015c00f200 JavaThread "Reference Handler" daemon [_thread_blocked, id=16387, stack(0x000000016c738000,0x000000016c93b000)]
  0x000000015c024a00 JavaThread "Finalizer" daemon [_thread_blocked, id=15107, stack(0x000000016c944000,0x000000016cb47000)]
  0x000000015d0ef400 JavaThread "Signal Dispatcher" daemon [_thread_blocked, id=22787, stack(0x000000016cc68000,0x000000016ce6b000)]
  0x000000015d0efa00 JavaThread "Service Thread" daemon [_thread_blocked, id=23299, stack(0x000000016ce74000,0x000000016d077000)]
  0x000000013c008200 JavaThread "Monitor Deflation Thread" daemon [_thread_blocked, id=42243, stack(0x000000016d080000,0x000000016d283000)]
  0x000000015c817200 JavaThread "C2 CompilerThread0" daemon [_thread_blocked, id=24067, stack(0x000000016d28c000,0x000000016d48f000)]
  0x000000013c008800 JavaThread "C1 CompilerThread0" daemon [_thread_blocked, id=24579, stack(0x000000016d498000,0x000000016d69b000)]
  0x000000014c814200 JavaThread "Sweeper thread" daemon [_thread_blocked, id=41731, stack(0x000000016d6a4000,0x000000016d8a7000)]
  0x000000012c010c00 JavaThread "Common-Cleaner" daemon [_thread_blocked, id=41219, stack(0x000000016d8b0000,0x000000016dab3000)]
  0x000000015d0f1c00 JavaThread "Monitor Ctrl-Break" daemon [_thread_in_native, id=25091, stack(0x000000016dabc000,0x000000016dcbf000)]
  0x000000013c009e00 JavaThread "Notification Thread" daemon [_thread_blocked, id=25347, stack(0x000000016dcc8000,0x000000016decb000)]
  0x000000013c808600 JavaThread "QuantumRenderer-0" daemon [_thread_blocked, id=26371, stack(0x000000016e0e0000,0x000000016e2e3000)]
=>0x000000013c814000 JavaThread "InvokeLaterDispatcher" daemon [_thread_in_native, id=34823, stack(0x000000016e2ec000,0x000000016e4ef000)]
  0x000000013c814600 JavaThread "JavaFX Application Thread" [_thread_in_vm, id=259, stack(0x000000016b05c000,0x000000016b858000)]
  0x000000015c052600 JavaThread "JavaFX-Launcher" [_thread_blocked, id=79115, stack(0x000000016e790000,0x000000016e993000)]
  0x000000013c96ba00 JavaThread "Prism Font Disposer" daemon [_thread_blocked, id=58635, stack(0x000000016f3d8000,0x000000016f5db000)]
  0x000000013c96f200 JavaThread "Cleaner-0" daemon [_thread_blocked, id=63243, stack(0x000000016f670000,0x000000016f873000)]
  0x000000015c95f000 JavaThread "Attach Listener" daemon [_thread_blocked, id=79395, stack(0x000000016f87c000,0x000000016fa7f000)]
  0x000000015c95f600 JavaThread "PulseTimer-CVDisplayLink thread" daemon [_thread_in_native, id=64775, stack(0x000000016e4f8000,0x000000016e57b000)]

Other Threads:
  0x000000015be089e0 VMThread "VM Thread" [stack: 0x000000016c52c000,0x000000016c72f000] [id=16643]
  0x000000014c10c2a0 WatcherThread [stack: 0x000000016ded4000,0x000000016e0d7000] [id=25859]
  0x000000014be06eb0 GCTaskThread "GC Thread#0" [stack: 0x000000016baf0000,0x000000016bcf3000] [id=12035]
  0x000000014be31950 GCTaskThread "GC Thread#1" [stack: 0x000000016e99c000,0x000000016eb9f000] [id=78855]
  0x000000014c206b60 GCTaskThread "GC Thread#2" [stack: 0x000000016eba8000,0x000000016edab000] [id=55811]
  0x000000014c206fe0 GCTaskThread "GC Thread#3" [stack: 0x000000016edb4000,0x000000016efb7000] [id=75523]
  0x000000014c13e870 GCTaskThread "GC Thread#4" [stack: 0x000000016efc0000,0x000000016f1c3000] [id=56323]
  0x000000014c13eb20 GCTaskThread "GC Thread#5" [stack: 0x000000016f1cc000,0x000000016f3cf000] [id=56579]
  0x000000014be07560 ConcurrentGCThread "G1 Main Marker" [stack: 0x000000016bcfc000,0x000000016beff000] [id=19459]
  0x000000014be07de0 ConcurrentGCThread "G1 Conc#0" [stack: 0x000000016bf08000,0x000000016c10b000] [id=13059]
  0x000000014be09c50 ConcurrentGCThread "G1 Refine#0" [stack: 0x000000016c114000,0x000000016c317000] [id=18435]
  0x000000014c1041f0 ConcurrentGCThread "G1 Service" [stack: 0x000000016c320000,0x000000016c523000] [id=18179]

Threads with active compile tasks:

VM state: not at safepoint (normal execution)

VM Mutex/Monitor currently owned by a thread: None

Heap address: 0x0000000700000000, size: 4096 MB, Compressed Oops mode: Zero based, Oop shift amount: 3

CDS archive(s) mapped at: [0x0000000800000000-0x0000000800bd8000-0x0000000800bd8000), size 12419072, SharedBaseAddress: 0x0000000800000000, ArchiveRelocationMode: 0.
Compressed class space mapped at: 0x0000000800c00000-0x0000000840c00000, reserved size: 1073741824
Narrow klass base: 0x0000000800000000, Narrow klass shift: 0, Narrow klass range: 0x100000000

GC Precious Log:
 CPUs: 8 total, 8 available
 Memory: 16384M
 Large Page Support: Disabled
 NUMA Support: Disabled
 Compressed Oops: Enabled (Zero based)
 Heap Region Size: 2M
 Heap Min Capacity: 8M
 Heap Initial Capacity: 256M
 Heap Max Capacity: 4G
 Pre-touch: Disabled
 Parallel Workers: 8
 Concurrent Workers: 2
 Concurrent Refinement Workers: 8
 Periodic GC: Disabled

Heap:
 garbage-first heap   total 266240K, used 37215K [0x0000000700000000, 0x0000000800000000)
  region size 2048K, 18 young (36864K), 2 survivors (4096K)
 Metaspace       used 13198K, committed 13440K, reserved 1064960K
  class space    used 1807K, committed 1920K, reserved 1048576K

Heap Regions: E=young(eden), S=young(survivor), O=old, HS=humongous(starts), HC=humongous(continues), CS=collection set, F=free, OA=open archive, CA=closed archive, TAMS=top-at-mark-start (previous, next)
|   0|0x0000000700000000, 0x0000000700200000, 0x0000000700200000|100%|HS|  |TAMS 0x0000000700000000, 0x0000000700000000| Complete 
|   1|0x0000000700200000, 0x0000000700200000, 0x0000000700400000|  0%| F|  |TAMS 0x0000000700200000, 0x0000000700200000| Untracked 
|   2|0x0000000700400000, 0x0000000700400000, 0x0000000700600000|  0%| F|  |TAMS 0x0000000700400000, 0x0000000700400000| Untracked 
|   3|0x0000000700600000, 0x0000000700600000, 0x0000000700800000|  0%| F|  |TAMS 0x0000000700600000, 0x0000000700600000| Untracked 
|   4|0x0000000700800000, 0x0000000700800000, 0x0000000700a00000|  0%| F|  |TAMS 0x0000000700800000, 0x0000000700800000| Untracked 
|   5|0x0000000700a00000, 0x0000000700a00000, 0x0000000700c00000|  0%| F|  |TAMS 0x0000000700a00000, 0x0000000700a00000| Untracked 
|   6|0x0000000700c00000, 0x0000000700c00000, 0x0000000700e00000|  0%| F|  |TAMS 0x0000000700c00000, 0x0000000700c00000| Untracked 
|   7|0x0000000700e00000, 0x0000000700e00000, 0x0000000701000000|  0%| F|  |TAMS 0x0000000700e00000, 0x0000000700e00000| Untracked 
|   8|0x0000000701000000, 0x0000000701000000, 0x0000000701200000|  0%| F|  |TAMS 0x0000000701000000, 0x0000000701000000| Untracked 
|   9|0x0000000701200000, 0x0000000701200000, 0x0000000701400000|  0%| F|  |TAMS 0x0000000701200000, 0x0000000701200000| Untracked 
|  10|0x0000000701400000, 0x0000000701400000, 0x0000000701600000|  0%| F|  |TAMS 0x0000000701400000, 0x0000000701400000| Untracked 
|  11|0x0000000701600000, 0x0000000701600000, 0x0000000701800000|  0%| F|  |TAMS 0x0000000701600000, 0x0000000701600000| Untracked 
|  12|0x0000000701800000, 0x0000000701800000, 0x0000000701a00000|  0%| F|  |TAMS 0x0000000701800000, 0x0000000701800000| Untracked 
|  13|0x0000000701a00000, 0x0000000701a00000, 0x0000000701c00000|  0%| F|  |TAMS 0x0000000701a00000, 0x0000000701a00000| Untracked 
|  14|0x0000000701c00000, 0x0000000701c00000, 0x0000000701e00000|  0%| F|  |TAMS 0x0000000701c00000, 0x0000000701c00000| Untracked 
|  15|0x0000000701e00000, 0x0000000701e00000, 0x0000000702000000|  0%| F|  |TAMS 0x0000000701e00000, 0x0000000701e00000| Untracked 
|  16|0x0000000702000000, 0x0000000702000000, 0x0000000702200000|  0%| F|  |TAMS 0x0000000702000000, 0x0000000702000000| Untracked 
|  17|0x0000000702200000, 0x0000000702200000, 0x0000000702400000|  0%| F|  |TAMS 0x0000000702200000, 0x0000000702200000| Untracked 
|  18|0x0000000702400000, 0x0000000702400000, 0x0000000702600000|  0%| F|  |TAMS 0x0000000702400000, 0x0000000702400000| Untracked 
|  19|0x0000000702600000, 0x0000000702600000, 0x0000000702800000|  0%| F|  |TAMS 0x0000000702600000, 0x0000000702600000| Untracked 
|  20|0x0000000702800000, 0x0000000702800000, 0x0000000702a00000|  0%| F|  |TAMS 0x0000000702800000, 0x0000000702800000| Untracked 
|  21|0x0000000702a00000, 0x0000000702a00000, 0x0000000702c00000|  0%| F|  |TAMS 0x0000000702a00000, 0x0000000702a00000| Untracked 
|  22|0x0000000702c00000, 0x0000000702c00000, 0x0000000702e00000|  0%| F|  |TAMS 0x0000000702c00000, 0x0000000702c00000| Untracked 
|  23|0x0000000702e00000, 0x0000000702e00000, 0x0000000703000000|  0%| F|  |TAMS 0x0000000702e00000, 0x0000000702e00000| Untracked 
|  24|0x0000000703000000, 0x0000000703000000, 0x0000000703200000|  0%| F|  |TAMS 0x0000000703000000, 0x0000000703000000| Untracked 
|  25|0x0000000703200000, 0x0000000703200000, 0x0000000703400000|  0%| F|  |TAMS 0x0000000703200000, 0x0000000703200000| Untracked 
|  26|0x0000000703400000, 0x0000000703400000, 0x0000000703600000|  0%| F|  |TAMS 0x0000000703400000, 0x0000000703400000| Untracked 
|  27|0x0000000703600000, 0x0000000703600000, 0x0000000703800000|  0%| F|  |TAMS 0x0000000703600000, 0x0000000703600000| Untracked 
|  28|0x0000000703800000, 0x0000000703800000, 0x0000000703a00000|  0%| F|  |TAMS 0x0000000703800000, 0x0000000703800000| Untracked 
|  29|0x0000000703a00000, 0x0000000703a00000, 0x0000000703c00000|  0%| F|  |TAMS 0x0000000703a00000, 0x0000000703a00000| Untracked 
|  30|0x0000000703c00000, 0x0000000703c00000, 0x0000000703e00000|  0%| F|  |TAMS 0x0000000703c00000, 0x0000000703c00000| Untracked 
|  31|0x0000000703e00000, 0x0000000703e00000, 0x0000000704000000|  0%| F|  |TAMS 0x0000000703e00000, 0x0000000703e00000| Untracked 
|  32|0x0000000704000000, 0x0000000704000000, 0x0000000704200000|  0%| F|  |TAMS 0x0000000704000000, 0x0000000704000000| Untracked 
|  33|0x0000000704200000, 0x0000000704200000, 0x0000000704400000|  0%| F|  |TAMS 0x0000000704200000, 0x0000000704200000| Untracked 
|  34|0x0000000704400000, 0x0000000704400000, 0x0000000704600000|  0%| F|  |TAMS 0x0000000704400000, 0x0000000704400000| Untracked 
|  35|0x0000000704600000, 0x0000000704600000, 0x0000000704800000|  0%| F|  |TAMS 0x0000000704600000, 0x0000000704600000| Untracked 
|  36|0x0000000704800000, 0x0000000704800000, 0x0000000704a00000|  0%| F|  |TAMS 0x0000000704800000, 0x0000000704800000| Untracked 
|  37|0x0000000704a00000, 0x0000000704a00000, 0x0000000704c00000|  0%| F|  |TAMS 0x0000000704a00000, 0x0000000704a00000| Untracked 
|  38|0x0000000704c00000, 0x0000000704c00000, 0x0000000704e00000|  0%| F|  |TAMS 0x0000000704c00000, 0x0000000704c00000| Untracked 
|  39|0x0000000704e00000, 0x0000000704e00000, 0x0000000705000000|  0%| F|  |TAMS 0x0000000704e00000, 0x0000000704e00000| Untracked 
|  40|0x0000000705000000, 0x0000000705000000, 0x0000000705200000|  0%| F|  |TAMS 0x0000000705000000, 0x0000000705000000| Untracked 
|  41|0x0000000705200000, 0x0000000705200000, 0x0000000705400000|  0%| F|  |TAMS 0x0000000705200000, 0x0000000705200000| Untracked 
|  42|0x0000000705400000, 0x0000000705400000, 0x0000000705600000|  0%| F|  |TAMS 0x0000000705400000, 0x0000000705400000| Untracked 
|  43|0x0000000705600000, 0x0000000705600000, 0x0000000705800000|  0%| F|  |TAMS 0x0000000705600000, 0x0000000705600000| Untracked 
|  44|0x0000000705800000, 0x0000000705800000, 0x0000000705a00000|  0%| F|  |TAMS 0x0000000705800000, 0x0000000705800000| Untracked 
|  45|0x0000000705a00000, 0x0000000705a00000, 0x0000000705c00000|  0%| F|  |TAMS 0x0000000705a00000, 0x0000000705a00000| Untracked 
|  46|0x0000000705c00000, 0x0000000705c00000, 0x0000000705e00000|  0%| F|  |TAMS 0x0000000705c00000, 0x0000000705c00000| Untracked 
|  47|0x0000000705e00000, 0x0000000705e00000, 0x0000000706000000|  0%| F|  |TAMS 0x0000000705e00000, 0x0000000705e00000| Untracked 
|  48|0x0000000706000000, 0x0000000706000000, 0x0000000706200000|  0%| F|  |TAMS 0x0000000706000000, 0x0000000706000000| Untracked 
|  49|0x0000000706200000, 0x0000000706200000, 0x0000000706400000|  0%| F|  |TAMS 0x0000000706200000, 0x0000000706200000| Untracked 
|  50|0x0000000706400000, 0x0000000706400000, 0x0000000706600000|  0%| F|  |TAMS 0x0000000706400000, 0x0000000706400000| Untracked 
|  51|0x0000000706600000, 0x0000000706600000, 0x0000000706800000|  0%| F|  |TAMS 0x0000000706600000, 0x0000000706600000| Untracked 
|  52|0x0000000706800000, 0x0000000706800000, 0x0000000706a00000|  0%| F|  |TAMS 0x0000000706800000, 0x0000000706800000| Untracked 
|  53|0x0000000706a00000, 0x0000000706a00000, 0x0000000706c00000|  0%| F|  |TAMS 0x0000000706a00000, 0x0000000706a00000| Untracked 
|  54|0x0000000706c00000, 0x0000000706c00000, 0x0000000706e00000|  0%| F|  |TAMS 0x0000000706c00000, 0x0000000706c00000| Untracked 
|  55|0x0000000706e00000, 0x0000000706e00000, 0x0000000707000000|  0%| F|  |TAMS 0x0000000706e00000, 0x0000000706e00000| Untracked 
|  56|0x0000000707000000, 0x0000000707000000, 0x0000000707200000|  0%| F|  |TAMS 0x0000000707000000, 0x0000000707000000| Untracked 
|  57|0x0000000707200000, 0x0000000707200000, 0x0000000707400000|  0%| F|  |TAMS 0x0000000707200000, 0x0000000707200000| Untracked 
|  58|0x0000000707400000, 0x0000000707400000, 0x0000000707600000|  0%| F|  |TAMS 0x0000000707400000, 0x0000000707400000| Untracked 
|  59|0x0000000707600000, 0x0000000707600000, 0x0000000707800000|  0%| F|  |TAMS 0x0000000707600000, 0x0000000707600000| Untracked 
|  60|0x0000000707800000, 0x0000000707800000, 0x0000000707a00000|  0%| F|  |TAMS 0x0000000707800000, 0x0000000707800000| Untracked 
|  61|0x0000000707a00000, 0x0000000707a00000, 0x0000000707c00000|  0%| F|  |TAMS 0x0000000707a00000, 0x0000000707a00000| Untracked 
|  62|0x0000000707c00000, 0x0000000707c00000, 0x0000000707e00000|  0%| F|  |TAMS 0x0000000707c00000, 0x0000000707c00000| Untracked 
|  63|0x0000000707e00000, 0x0000000707e00000, 0x0000000708000000|  0%| F|  |TAMS 0x0000000707e00000, 0x0000000707e00000| Untracked 
|  64|0x0000000708000000, 0x0000000708000000, 0x0000000708200000|  0%| F|  |TAMS 0x0000000708000000, 0x0000000708000000| Untracked 
|  65|0x0000000708200000, 0x0000000708200000, 0x0000000708400000|  0%| F|  |TAMS 0x0000000708200000, 0x0000000708200000| Untracked 
|  66|0x0000000708400000, 0x0000000708400000, 0x0000000708600000|  0%| F|  |TAMS 0x0000000708400000, 0x0000000708400000| Untracked 
|  67|0x0000000708600000, 0x0000000708600000, 0x0000000708800000|  0%| F|  |TAMS 0x0000000708600000, 0x0000000708600000| Untracked 
|  68|0x0000000708800000, 0x0000000708800000, 0x0000000708a00000|  0%| F|  |TAMS 0x0000000708800000, 0x0000000708800000| Untracked 
|  69|0x0000000708a00000, 0x0000000708a00000, 0x0000000708c00000|  0%| F|  |TAMS 0x0000000708a00000, 0x0000000708a00000| Untracked 
|  70|0x0000000708c00000, 0x0000000708c00000, 0x0000000708e00000|  0%| F|  |TAMS 0x0000000708c00000, 0x0000000708c00000| Untracked 
|  71|0x0000000708e00000, 0x0000000708e00000, 0x0000000709000000|  0%| F|  |TAMS 0x0000000708e00000, 0x0000000708e00000| Untracked 
|  72|0x0000000709000000, 0x0000000709000000, 0x0000000709200000|  0%| F|  |TAMS 0x0000000709000000, 0x0000000709000000| Untracked 
|  73|0x0000000709200000, 0x0000000709200000, 0x0000000709400000|  0%| F|  |TAMS 0x0000000709200000, 0x0000000709200000| Untracked 
|  74|0x0000000709400000, 0x0000000709400000, 0x0000000709600000|  0%| F|  |TAMS 0x0000000709400000, 0x0000000709400000| Untracked 
|  75|0x0000000709600000, 0x0000000709600000, 0x0000000709800000|  0%| F|  |TAMS 0x0000000709600000, 0x0000000709600000| Untracked 
|  76|0x0000000709800000, 0x0000000709800000, 0x0000000709a00000|  0%| F|  |TAMS 0x0000000709800000, 0x0000000709800000| Untracked 
|  77|0x0000000709a00000, 0x0000000709a00000, 0x0000000709c00000|  0%| F|  |TAMS 0x0000000709a00000, 0x0000000709a00000| Untracked 
|  78|0x0000000709c00000, 0x0000000709c00000, 0x0000000709e00000|  0%| F|  |TAMS 0x0000000709c00000, 0x0000000709c00000| Untracked 
|  79|0x0000000709e00000, 0x0000000709e00000, 0x000000070a000000|  0%| F|  |TAMS 0x0000000709e00000, 0x0000000709e00000| Untracked 
|  80|0x000000070a000000, 0x000000070a000000, 0x000000070a200000|  0%| F|  |TAMS 0x000000070a000000, 0x000000070a000000| Untracked 
|  81|0x000000070a200000, 0x000000070a200000, 0x000000070a400000|  0%| F|  |TAMS 0x000000070a200000, 0x000000070a200000| Untracked 
|  82|0x000000070a400000, 0x000000070a400000, 0x000000070a600000|  0%| F|  |TAMS 0x000000070a400000, 0x000000070a400000| Untracked 
|  83|0x000000070a600000, 0x000000070a600000, 0x000000070a800000|  0%| F|  |TAMS 0x000000070a600000, 0x000000070a600000| Untracked 
|  84|0x000000070a800000, 0x000000070a800000, 0x000000070aa00000|  0%| F|  |TAMS 0x000000070a800000, 0x000000070a800000| Untracked 
|  85|0x000000070aa00000, 0x000000070aa00000, 0x000000070ac00000|  0%| F|  |TAMS 0x000000070aa00000, 0x000000070aa00000| Untracked 
|  86|0x000000070ac00000, 0x000000070ac00000, 0x000000070ae00000|  0%| F|  |TAMS 0x000000070ac00000, 0x000000070ac00000| Untracked 
|  87|0x000000070ae00000, 0x000000070ae00000, 0x000000070b000000|  0%| F|  |TAMS 0x000000070ae00000, 0x000000070ae00000| Untracked 
|  88|0x000000070b000000, 0x000000070b000000, 0x000000070b200000|  0%| F|  |TAMS 0x000000070b000000, 0x000000070b000000| Untracked 
|  89|0x000000070b200000, 0x000000070b200000, 0x000000070b400000|  0%| F|  |TAMS 0x000000070b200000, 0x000000070b200000| Untracked 
|  90|0x000000070b400000, 0x000000070b400000, 0x000000070b600000|  0%| F|  |TAMS 0x000000070b400000, 0x000000070b400000| Untracked 
|  91|0x000000070b600000, 0x000000070b600000, 0x000000070b800000|  0%| F|  |TAMS 0x000000070b600000, 0x000000070b600000| Untracked 
|  92|0x000000070b800000, 0x000000070b800000, 0x000000070ba00000|  0%| F|  |TAMS 0x000000070b800000, 0x000000070b800000| Untracked 
|  93|0x000000070ba00000, 0x000000070ba00000, 0x000000070bc00000|  0%| F|  |TAMS 0x000000070ba00000, 0x000000070ba00000| Untracked 
|  94|0x000000070bc00000, 0x000000070bc00000, 0x000000070be00000|  0%| F|  |TAMS 0x000000070bc00000, 0x000000070bc00000| Untracked 
|  95|0x000000070be00000, 0x000000070be00000, 0x000000070c000000|  0%| F|  |TAMS 0x000000070be00000, 0x000000070be00000| Untracked 
|  96|0x000000070c000000, 0x000000070c000000, 0x000000070c200000|  0%| F|  |TAMS 0x000000070c000000, 0x000000070c000000| Untracked 
|  97|0x000000070c200000, 0x000000070c200000, 0x000000070c400000|  0%| F|  |TAMS 0x000000070c200000, 0x000000070c200000| Untracked 
|  98|0x000000070c400000, 0x000000070c400000, 0x000000070c600000|  0%| F|  |TAMS 0x000000070c400000, 0x000000070c400000| Untracked 
|  99|0x000000070c600000, 0x000000070c600000, 0x000000070c800000|  0%| F|  |TAMS 0x000000070c600000, 0x000000070c600000| Untracked 
| 100|0x000000070c800000, 0x000000070c800000, 0x000000070ca00000|  0%| F|  |TAMS 0x000000070c800000, 0x000000070c800000| Untracked 
| 101|0x000000070ca00000, 0x000000070ca00000, 0x000000070cc00000|  0%| F|  |TAMS 0x000000070ca00000, 0x000000070ca00000| Untracked 
| 102|0x000000070cc00000, 0x000000070cc00000, 0x000000070ce00000|  0%| F|  |TAMS 0x000000070cc00000, 0x000000070cc00000| Untracked 
| 103|0x000000070ce00000, 0x000000070ce00000, 0x000000070d000000|  0%| F|  |TAMS 0x000000070ce00000, 0x000000070ce00000| Untracked 
| 104|0x000000070d000000, 0x000000070d000000, 0x000000070d200000|  0%| F|  |TAMS 0x000000070d000000, 0x000000070d000000| Untracked 
| 105|0x000000070d200000, 0x000000070d200000, 0x000000070d400000|  0%| F|  |TAMS 0x000000070d200000, 0x000000070d200000| Untracked 
| 106|0x000000070d400000, 0x000000070d400000, 0x000000070d600000|  0%| F|  |TAMS 0x000000070d400000, 0x000000070d400000| Untracked 
| 107|0x000000070d600000, 0x000000070d600000, 0x000000070d800000|  0%| F|  |TAMS 0x000000070d600000, 0x000000070d600000| Untracked 
| 108|0x000000070d800000, 0x000000070d800000, 0x000000070da00000|  0%| F|  |TAMS 0x000000070d800000, 0x000000070d800000| Untracked 
| 109|0x000000070da00000, 0x000000070da00000, 0x000000070dc00000|  0%| F|  |TAMS 0x000000070da00000, 0x000000070da00000| Untracked 
| 110|0x000000070dc00000, 0x000000070dcf5220, 0x000000070de00000| 47%| E|  |TAMS 0x000000070dc00000, 0x000000070dc00000| Complete 
| 111|0x000000070de00000, 0x000000070e000000, 0x000000070e000000|100%| E|CS|TAMS 0x000000070de00000, 0x000000070de00000| Complete 
| 112|0x000000070e000000, 0x000000070e200000, 0x000000070e200000|100%| E|CS|TAMS 0x000000070e000000, 0x000000070e000000| Complete 
| 113|0x000000070e200000, 0x000000070e400000, 0x000000070e400000|100%| E|CS|TAMS 0x000000070e200000, 0x000000070e200000| Complete 
| 114|0x000000070e400000, 0x000000070e600000, 0x000000070e600000|100%| E|CS|TAMS 0x000000070e400000, 0x000000070e400000| Complete 
| 115|0x000000070e600000, 0x000000070e65ffe8, 0x000000070e800000| 18%| S|CS|TAMS 0x000000070e600000, 0x000000070e600000| Complete 
| 116|0x000000070e800000, 0x000000070ea00000, 0x000000070ea00000|100%| S|CS|TAMS 0x000000070e800000, 0x000000070e800000| Complete 
| 117|0x000000070ea00000, 0x000000070ec00000, 0x000000070ec00000|100%| E|CS|TAMS 0x000000070ea00000, 0x000000070ea00000| Complete 
| 118|0x000000070ec00000, 0x000000070ee00000, 0x000000070ee00000|100%| E|CS|TAMS 0x000000070ec00000, 0x000000070ec00000| Complete 
| 119|0x000000070ee00000, 0x000000070f000000, 0x000000070f000000|100%| E|CS|TAMS 0x000000070ee00000, 0x000000070ee00000| Complete 
| 120|0x000000070f000000, 0x000000070f200000, 0x000000070f200000|100%| E|CS|TAMS 0x000000070f000000, 0x000000070f000000| Complete 
| 121|0x000000070f200000, 0x000000070f400000, 0x000000070f400000|100%| E|CS|TAMS 0x000000070f200000, 0x000000070f200000| Complete 
| 122|0x000000070f400000, 0x000000070f600000, 0x000000070f600000|100%| E|CS|TAMS 0x000000070f400000, 0x000000070f400000| Complete 
| 123|0x000000070f600000, 0x000000070f800000, 0x000000070f800000|100%| E|CS|TAMS 0x000000070f600000, 0x000000070f600000| Complete 
| 124|0x000000070f800000, 0x000000070fa00000, 0x000000070fa00000|100%| E|CS|TAMS 0x000000070f800000, 0x000000070f800000| Complete 
| 125|0x000000070fa00000, 0x000000070fc00000, 0x000000070fc00000|100%| E|CS|TAMS 0x000000070fa00000, 0x000000070fa00000| Complete 
| 126|0x000000070fc00000, 0x000000070fe00000, 0x000000070fe00000|100%| E|CS|TAMS 0x000000070fc00000, 0x000000070fc00000| Complete 
| 127|0x000000070fe00000, 0x0000000710000000, 0x0000000710000000|100%| E|CS|TAMS 0x000000070fe00000, 0x000000070fe00000| Complete 
|2046|0x00000007ffc00000, 0x00000007ffd78000, 0x00000007ffe00000| 73%|OA|  |TAMS 0x00000007ffc00000, 0x00000007ffc00000| Untracked 
|2047|0x00000007ffe00000, 0x00000007ffe80000, 0x0000000800000000| 25%|CA|  |TAMS 0x00000007ffe00000, 0x00000007ffe00000| Untracked 

Card table byte_map: [0x000000011cdd8000,0x000000011d5d8000] _byte_map_base: 0x00000001195d8000

Marking Bits (Prev, Next): (CMBitMap*) 0x000000015d042810, (CMBitMap*) 0x000000015d042850
 Prev Bits: [0x000000011ddd8000, 0x0000000121dd8000)
 Next Bits: [0x0000000121dd8000, 0x0000000125dd8000)

Polling page: 0x0000000104634000

Metaspace:

Usage:
  Non-class:     11.12 MB used.
      Class:      1.77 MB used.
       Both:     12.89 MB used.

Virtual space:
  Non-class space:       16.00 MB reserved,      11.25 MB ( 70%) committed,  2 nodes.
      Class space:        1.00 GB reserved,       1.88 MB ( <1%) committed,  1 nodes.
             Both:        1.02 GB reserved,      13.12 MB (  1%) committed. 

Chunk freelists:
   Non-Class:  812.00 KB
       Class:  2.10 MB
        Both:  2.90 MB

MaxMetaspaceSize: unlimited
CompressedClassSpaceSize: 1.00 GB
Initial GC threshold: 21.00 MB
Current GC threshold: 21.00 MB
CDS: on
MetaspaceReclaimPolicy: balanced
 - commit_granule_bytes: 65536.
 - commit_granule_words: 8192.
 - virtual_space_node_default_size: 1048576.
 - enlarge_chunks_in_place: 1.
 - new_chunks_are_fully_committed: 0.
 - uncommit_free_chunks: 1.
 - use_allocation_guard: 0.
 - handle_deallocations: 1.


Internal statistics:

num_allocs_failed_limit: 0.
num_arena_births: 188.
num_arena_deaths: 0.
num_vsnodes_births: 3.
num_vsnodes_deaths: 0.
num_space_committed: 210.
num_space_uncommitted: 0.
num_chunks_returned_to_freelist: 0.
num_chunks_taken_from_freelist: 581.
num_chunk_merges: 0.
num_chunk_splits: 395.
num_chunks_enlarged: 312.
num_purges: 0.
num_inconsistent_stats: 0.

CodeHeap 'non-profiled nmethods': size=120032Kb used=582Kb max_used=582Kb free=119449Kb
 bounds [0x00000001158a0000, 0x0000000115b10000, 0x000000011cdd8000]
CodeHeap 'profiled nmethods': size=120016Kb used=3244Kb max_used=3244Kb free=116771Kb
 bounds [0x000000010e36c000, 0x000000010e69c000, 0x00000001158a0000]
CodeHeap 'non-nmethods': size=5712Kb used=1360Kb max_used=1405Kb free=4351Kb
 bounds [0x000000010ddd8000, 0x000000010e048000, 0x000000010e36c000]
 total_blobs=2448 nmethods=1707 adapters=658
 compilation: enabled
              stopped_count=0, restarted_count=0
 full_count=0

Compilation events (20 events):
Event: 2.560 Thread 0x000000013c008800 nmethod 1779 0x000000010e693390 code [0x000000010e693580, 0x000000010e693b68]
Event: 2.610 Thread 0x000000013c008800 1780       3       java.util.WeakHashMap::size (18 bytes)
Event: 2.610 Thread 0x000000013c008800 nmethod 1780 0x000000010e693d10 code [0x000000010e693ec0, 0x000000010e6940d8]
Event: 2.618 Thread 0x000000013c008800 1781       3       java.util.concurrent.atomic.AtomicBoolean::get (13 bytes)
Event: 2.618 Thread 0x000000015c817200 1782   !   4       java.util.WeakHashMap::expungeStaleEntries (139 bytes)
Event: 2.618 Thread 0x000000013c008800 nmethod 1781 0x000000010e694190 code [0x000000010e694340, 0x000000010e6944e8]
Event: 2.626 Thread 0x000000013c008800 1783       3       java.lang.Math::round (70 bytes)
Event: 2.626 Thread 0x000000013c008800 nmethod 1783 0x000000010e694590 code [0x000000010e694740, 0x000000010e694928]
Event: 2.627 Thread 0x000000015c817200 nmethod 1782 0x0000000115930090 code [0x00000001159302c0, 0x00000001159312b0]
Event: 2.718 Thread 0x000000013c008800 1784       3       java.util.WeakHashMap::isEmpty (13 bytes)
Event: 2.718 Thread 0x000000013c008800 nmethod 1784 0x000000010e694a10 code [0x000000010e694bc0, 0x000000010e694e58]
Event: 2.726 Thread 0x000000013c008800 1785       1       java.util.WeakHashMap$Entry::getValue (5 bytes)
Event: 2.726 Thread 0x000000013c008800 nmethod 1785 0x0000000115931610 code [0x0000000115931780, 0x0000000115931868]
Event: 2.793 Thread 0x000000013c008800 1786       3       java.util.WeakHashMap$HashIterator::<init> (41 bytes)
Event: 2.794 Thread 0x000000013c008800 nmethod 1786 0x000000010e694f90 code [0x000000010e695180, 0x000000010e6955d8]
Event: 2.794 Thread 0x000000013c008800 1787       3       java.util.WeakHashMap$HashIterator::nextEntry (81 bytes)
Event: 2.795 Thread 0x000000013c008800 nmethod 1787 0x000000010e695790 code [0x000000010e695980, 0x000000010e695f38]
Event: 2.801 Thread 0x000000013c008800 1788       3       java.util.concurrent.locks.AbstractQueuedSynchronizer::release (19 bytes)
Event: 2.802 Thread 0x000000013c008800 nmethod 1788 0x000000010e696110 code [0x000000010e696340, 0x000000010e696878]
Event: 2.810 Thread 0x000000013c008800 1789       3       java.util.concurrent.locks.ReentrantLock$Sync::tryRelease (51 bytes)

GC Heap History (2 events):
Event: 0.356 GC heap before
{Heap before GC invocations=0 (full 0):
 garbage-first heap   total 266240K, used 22496K [0x0000000700000000, 0x0000000800000000)
  region size 2048K, 11 young (22528K), 0 survivors (0K)
 Metaspace       used 4980K, committed 5120K, reserved 1056768K
  class space    used 599K, committed 704K, reserved 1048576K
}
Event: 0.362 GC heap after
{Heap after GC invocations=1 (full 0):
 garbage-first heap   total 266240K, used 4447K [0x0000000700000000, 0x0000000800000000)
  region size 2048K, 2 young (4096K), 2 survivors (4096K)
 Metaspace       used 4980K, committed 5120K, reserved 1056768K
  class space    used 599K, committed 704K, reserved 1048576K
}

Deoptimization events (20 events):
Event: 0.602 Thread 0x000000013c814600 DEOPT PACKING pc=0x00000001158bc498 sp=0x000000016b851930
Event: 0.602 Thread 0x000000013c814600 DEOPT UNPACKING pc=0x000000010de16d1c sp=0x000000016b8518d0 mode 2
Event: 0.616 Thread 0x000000013c814600 Uncommon trap: trap_request=0xffffff45 fr.pc=0x00000001158f725c relative=0x000000000000019c
Event: 0.616 Thread 0x000000013c814600 Uncommon trap: reason=unstable_if action=reinterpret pc=0x00000001158f725c method=java.io.ByteArrayInputStream.read()I @ 8 c2
Event: 0.616 Thread 0x000000013c814600 DEOPT PACKING pc=0x00000001158f725c sp=0x000000016b850d20
Event: 0.616 Thread 0x000000013c814600 DEOPT UNPACKING pc=0x000000010de16d1c sp=0x000000016b850ca0 mode 2
Event: 1.185 Thread 0x000000015c95f000 Uncommon trap: trap_request=0xffffff45 fr.pc=0x00000001158ed9e4 relative=0x00000000000001a4
Event: 1.185 Thread 0x000000015c95f000 Uncommon trap: reason=unstable_if action=reinterpret pc=0x00000001158ed9e4 method=java.io.BufferedInputStream.read()I @ 8 c2
Event: 1.185 Thread 0x000000015c95f000 DEOPT PACKING pc=0x00000001158ed9e4 sp=0x000000016fa7da20
Event: 1.185 Thread 0x000000015c95f000 DEOPT UNPACKING pc=0x000000010de16d1c sp=0x000000016fa7d9a0 mode 2
Event: 1.190 Thread 0x000000015c95f000 Uncommon trap: trap_request=0xffffff45 fr.pc=0x00000001158ff2bc relative=0x0000000000000e3c
Event: 1.190 Thread 0x000000015c95f000 Uncommon trap: reason=unstable_if action=reinterpret pc=0x00000001158ff2bc method=java.util.concurrent.ConcurrentHashMap.putVal(Ljava/lang/Object;Ljava/lang/Object;Z)Ljava/lang/Object; @ 148 c2
Event: 1.190 Thread 0x000000015c95f000 DEOPT PACKING pc=0x00000001158ff2bc sp=0x000000016fa7d8e0
Event: 1.190 Thread 0x000000015c95f000 DEOPT UNPACKING pc=0x000000010de16d1c sp=0x000000016fa7d7f0 mode 2
Event: 1.190 Thread 0x000000015c95f000 Uncommon trap: trap_request=0xffffff45 fr.pc=0x00000001158af038 relative=0x00000000000000f8
Event: 1.190 Thread 0x000000015c95f000 Uncommon trap: reason=unstable_if action=reinterpret pc=0x00000001158af038 method=java.lang.StringLatin1.lastIndexOf([BI[BII)I @ 86 c2
Event: 1.190 Thread 0x000000015c95f000 DEOPT PACKING pc=0x00000001158af038 sp=0x000000016fa7d8d0
Event: 1.190 Thread 0x000000015c95f000 DEOPT UNPACKING pc=0x000000010de16d1c sp=0x000000016fa7d830 mode 2
Event: 2.452 Thread 0x000000013c814600 DEOPT PACKING pc=0x000000010e667484 sp=0x000000016b852e80
Event: 2.452 Thread 0x000000013c814600 DEOPT UNPACKING pc=0x000000010de16b7c sp=0x000000016b852be0 mode 3

Classes unloaded (0 events):
No events

Classes redefined (0 events):
No events

Internal exceptions (20 events):
Event: 0.370 Thread 0x000000013c814600 Exception <a 'sun/nio/fs/UnixException'{0x000000070ff62dc0}> (0x000000070ff62dc0) 
thrown [open/src/hotspot/share/prims/jni.cpp, line 516]
Event: 0.389 Thread 0x000000013c814600 Exception <a 'java/lang/NoSuchMethodError'{0x000000070fab3cb0}: 'java.lang.Object java.lang.invoke.DirectMethodHandle$Holder.invokeStaticInit(java.lang.Object, java.lang.Object, java.lang.Object, java.lang.Object)'> (0x000000070fab3cb0) 
thrown [open/src/hotspot/share/interpreter/linkResolver.cpp, line 766]
Event: 0.389 Thread 0x000000013c814600 Exception <a 'java/lang/NullPointerException'{0x000000070fabfda0}> (0x000000070fabfda0) 
thrown [open/src/hotspot/share/interpreter/linkResolver.cpp, line 1357]
Event: 0.399 Thread 0x000000013c814600 Exception <a 'java/lang/NoSuchMethodError'{0x000000070f84a4b0}: 'java.lang.Object java.lang.invoke.DirectMethodHandle$Holder.invokeSpecial(java.lang.Object, java.lang.Object, java.lang.Object, int, java.lang.Object)'> (0x000000070f84a4b0) 
thrown [open/src/hotspot/share/interpreter/linkResolver.cpp, line 766]
Event: 0.441 Thread 0x000000013c814600 Exception <a 'java/lang/NoSuchMethodError'{0x000000070f250f90}: 'void java.lang.invoke.DirectMethodHandle$Holder.invokeStaticInit(java.lang.Object, java.lang.Object)'> (0x000000070f250f90) 
thrown [open/src/hotspot/share/interpreter/linkResolver.cpp, line 766]
Event: 0.442 Thread 0x000000013c814600 Exception <a 'java/lang/NoSuchMethodError'{0x000000070f2862f0}: 'void java.lang.invoke.DirectMethodHandle$Holder.invokeSpecial(java.lang.Object, java.lang.Object, java.lang.Object, java.lang.Object, java.lang.Object)'> (0x000000070f2862f0) 
thrown [open/src/hotspot/share/interpreter/linkResolver.cpp, line 766]
Event: 0.453 Thread 0x000000013c814600 Exception <a 'sun/nio/fs/UnixException'{0x000000070f3982c8}> (0x000000070f3982c8) 
thrown [open/src/hotspot/share/prims/jni.cpp, line 516]
Event: 0.458 Thread 0x000000013c814600 Implicit null exception at 0x00000001158c3d78 to 0x00000001158c3e08
Event: 0.463 Thread 0x000000013c814600 Implicit null exception at 0x00000001158f7694 to 0x00000001158f7a1c
Event: 0.501 Thread 0x000000013c814600 Implicit null exception at 0x00000001158f2cd4 to 0x00000001158f3020
Event: 0.502 Thread 0x000000013c814600 Implicit null exception at 0x00000001158c7254 to 0x00000001158c72c0
Event: 0.598 Thread 0x000000013c814600 Exception <a 'java/lang/NoSuchMethodError'{0x000000070ed73a48}: 'java.lang.Object java.lang.invoke.DirectMethodHandle$Holder.invokeInterface(java.lang.Object, java.lang.Object, java.lang.Object)'> (0x000000070ed73a48) 
thrown [open/src/hotspot/share/interpreter/linkResolver.cpp, line 766]
Event: 0.598 Thread 0x000000013c814600 Exception <a 'java/lang/IncompatibleClassChangeError'{0x000000070ed773d0}: Found class java.lang.Object, but interface was expected> (0x000000070ed773d0) 
thrown [open/src/hotspot/share/interpreter/linkResolver.cpp, line 833]
Event: 0.624 Thread 0x000000013c814600 Exception <a 'java/lang/NoSuchMethodError'{0x000000070eb5dbd8}: 'java.lang.Object java.lang.invoke.DirectMethodHandle$Holder.newInvokeSpecial(java.lang.Object, java.lang.Object, int)'> (0x000000070eb5dbd8) 
thrown [open/src/hotspot/share/interpreter/linkResolver.cpp, line 766]
Event: 0.663 Thread 0x000000013c808600 Exception <a 'java/lang/NoSuchMethodError'{0x000000070e505990}: 'int java.lang.invoke.DirectMethodHandle$Holder.invokeStaticInit(java.lang.Object, java.lang.Object)'> (0x000000070e505990) 
thrown [open/src/hotspot/share/interpreter/linkResolver.cpp, line 766]
Event: 2.504 Thread 0x000000013c814600 Exception <a 'java/lang/NoSuchMethodError'{0x000000070dc5a4e8}: 'long java.lang.invoke.DirectMethodHandle$Holder.invokeStatic(java.lang.Object, java.lang.Object)'> (0x000000070dc5a4e8) 
thrown [open/src/hotspot/share/interpreter/linkResolver.cpp, line 766]
Event: 2.507 Thread 0x000000013c814600 Exception <a 'java/lang/NoSuchMethodError'{0x000000070dc78e00}: 'long java.lang.invoke.DirectMethodHandle$Holder.invokeStatic(java.lang.Object, java.lang.Object, java.lang.Object)'> (0x000000070dc78e00) 
thrown [open/src/hotspot/share/interpreter/linkResolver.cpp, line 766]
Event: 2.507 Thread 0x000000013c814600 Exception <a 'java/lang/NoSuchMethodError'{0x000000070dc7c5a8}: 'long java.lang.invoke.DirectMethodHandle$Holder.invokeStaticInit(java.lang.Object, java.lang.Object, java.lang.Object)'> (0x000000070dc7c5a8) 
thrown [open/src/hotspot/share/interpreter/linkResolver.cpp, line 766]
Event: 2.508 Thread 0x000000013c814600 Exception <a 'java/lang/NoSuchMethodError'{0x000000070dc941b0}: 'java.lang.Object java.lang.invoke.DirectMethodHandle$Holder.newInvokeSpecial(java.lang.Object, java.lang.Object, long)'> (0x000000070dc941b0) 
thrown [open/src/hotspot/share/interpreter/linkResolver.cpp, line 766]
Event: 2.508 Thread 0x000000013c814600 Exception <a 'java/lang/NoSuchMethodError'{0x000000070dc97a78}: 'java.lang.Object java.lang.invoke.Invokers$Holder.linkToTargetMethod(java.lang.Object, long, java.lang.Object)'> (0x000000070dc97a78) 
thrown [open/src/hotspot/share/interpreter/linkResolver.cpp, line 766]

VM Operations (20 events):
Event: 0.095 Executing VM operation: HandshakeAllThreads
Event: 0.095 Executing VM operation: HandshakeAllThreads done
Event: 0.355 Executing VM operation: G1CollectForAllocation
Event: 0.362 Executing VM operation: G1CollectForAllocation done
Event: 0.402 Executing VM operation: HandshakeAllThreads
Event: 0.402 Executing VM operation: HandshakeAllThreads done
Event: 0.420 Executing VM operation: HandshakeAllThreads
Event: 0.420 Executing VM operation: HandshakeAllThreads done
Event: 0.456 Executing VM operation: ICBufferFull
Event: 0.457 Executing VM operation: ICBufferFull done
Event: 0.591 Executing VM operation: HandshakeAllThreads
Event: 0.591 Executing VM operation: HandshakeAllThreads done
Event: 1.679 Executing VM operation: ICBufferFull
Event: 1.679 Executing VM operation: ICBufferFull done
Event: 1.738 Executing VM operation: HandshakeAllThreads
Event: 1.738 Executing VM operation: HandshakeAllThreads done
Event: 2.505 Executing VM operation: HandshakeAllThreads
Event: 2.505 Executing VM operation: HandshakeAllThreads done
Event: 2.552 Executing VM operation: ICBufferFull
Event: 2.552 Executing VM operation: ICBufferFull done

Events (20 events):
Event: 2.505 loading class java/util/stream/Nodes$EmptyNode$OfLong
Event: 2.505 loading class java/util/stream/Node$OfLong
Event: 2.505 loading class java/util/stream/Node$OfLong done
Event: 2.505 loading class java/util/stream/Nodes$EmptyNode$OfLong done
Event: 2.505 loading class java/util/stream/Nodes$EmptyNode$OfDouble
Event: 2.505 loading class java/util/stream/Node$OfDouble
Event: 2.505 loading class java/util/stream/Node$OfDouble done
Event: 2.505 loading class java/util/stream/Nodes$EmptyNode$OfDouble done
Event: 2.505 loading class java/util/stream/Nodes$LongFixedNodeBuilder
Event: 2.505 loading class java/util/stream/Node$Builder$OfLong
Event: 2.505 loading class java/util/stream/Node$Builder
Event: 2.505 loading class java/util/stream/Node$Builder done
Event: 2.505 loading class java/util/stream/Sink$OfLong
Event: 2.505 loading class java/util/stream/Sink$OfLong done
Event: 2.506 loading class java/util/stream/Node$Builder$OfLong done
Event: 2.506 loading class java/util/stream/Nodes$LongArrayNode
Event: 2.506 loading class java/util/stream/Nodes$LongArrayNode done
Event: 2.506 loading class java/util/stream/Nodes$LongFixedNodeBuilder done
Event: 2.506 loading class java/util/stream/ReferencePipeline$5$1
Event: 2.506 loading class java/util/stream/ReferencePipeline$5$1 done


Dynamic libraries:
0x00000001045e0000 	/Library/Java/JavaVirtualMachines/jdk-17.0.2.jdk/Contents/Home/lib/libjli.dylib
0x00000001a9840000 	/usr/lib/libz.1.dylib
0x00000001a98f7000 	/usr/lib/libSystem.B.dylib
0x00000001a98f1000 	/usr/lib/system/libcache.dylib
0x00000001a98af000 	/usr/lib/system/libcommonCrypto.dylib
0x00000001a98d8000 	/usr/lib/system/libcompiler_rt.dylib
0x00000001a98cf000 	/usr/lib/system/libcopyfile.dylib
0x000000019ea93000 	/usr/lib/system/libcorecrypto.dylib
0x000000019eb46000 	/usr/lib/system/libdispatch.dylib
0x000000019ed14000 	/usr/lib/system/libdyld.dylib
0x00000001a98e7000 	/usr/lib/system/libkeymgr.dylib
0x00000001a988a000 	/usr/lib/system/libmacho.dylib
0x00000001a8f88000 	/usr/lib/system/libquarantine.dylib
0x00000001a98e4000 	/usr/lib/system/libremovefile.dylib
0x00000001a3e67000 	/usr/lib/system/libsystem_asl.dylib
0x000000019ea35000 	/usr/lib/system/libsystem_blocks.dylib
0x000000019ebce000 	/usr/lib/system/libsystem_c.dylib
0x00000001a98dc000 	/usr/lib/system/libsystem_collections.dylib
0x00000001a8416000 	/usr/lib/system/libsystem_configuration.dylib
0x00000001a75bf000 	/usr/lib/system/libsystem_containermanager.dylib
0x00000001a95ed000 	/usr/lib/system/libsystem_coreservices.dylib
0x00000001a143a000 	/usr/lib/system/libsystem_darwin.dylib
0x00000001a98e8000 	/usr/lib/system/libsystem_dnssd.dylib
0x000000019ebcb000 	/usr/lib/system/libsystem_featureflags.dylib
0x000000019ed29000 	/usr/lib/system/libsystem_info.dylib
0x00000001a9852000 	/usr/lib/system/libsystem_m.dylib
0x000000019eb1b000 	/usr/lib/system/libsystem_malloc.dylib
0x00000001a3df6000 	/usr/lib/system/libsystem_networkextension.dylib
0x00000001a1893000 	/usr/lib/system/libsystem_notify.dylib
0x00000001b000a000 	/usr/lib/system/libsystem_product_info_filter.dylib
0x00000001a841b000 	/usr/lib/system/libsystem_sandbox.dylib
0x00000001a98e1000 	/usr/lib/system/libsystem_secinit.dylib
0x000000019eccf000 	/usr/lib/system/libsystem_kernel.dylib
0x000000019ed21000 	/usr/lib/system/libsystem_platform.dylib
0x000000019ed07000 	/usr/lib/system/libsystem_pthread.dylib
0x00000001a55be000 	/usr/lib/system/libsystem_symptoms.dylib
0x000000019ea79000 	/usr/lib/system/libsystem_trace.dylib
0x00000001a98bc000 	/usr/lib/system/libunwind.dylib
0x000000019ea37000 	/usr/lib/system/libxpc.dylib
0x000000019ecb7000 	/usr/lib/libc++abi.dylib
0x000000019eb8d000 	/usr/lib/libobjc.A.dylib
0x00000001a98c7000 	/usr/lib/liboah.dylib
0x000000019ec50000 	/usr/lib/libc++.1.dylib
0x00000001b5b72000 	/System/Library/Frameworks/Cocoa.framework/Versions/A/Cocoa
0x00000001a18f3000 	/System/Library/Frameworks/AppKit.framework/Versions/C/AppKit
0x00000001a4de4000 	/System/Library/Frameworks/CoreData.framework/Versions/A/CoreData
0x000000019fc50000 	/System/Library/Frameworks/Foundation.framework/Versions/C/Foundation
0x00000001a27a9000 	/System/Library/PrivateFrameworks/UIFoundation.framework/Versions/A/UIFoundation
0x00000001afd04000 	/System/Library/PrivateFrameworks/RemoteViewServices.framework/Versions/A/RemoteViewServices
0x00000001a7dbd000 	/System/Library/PrivateFrameworks/XCTTargetBootstrap.framework/Versions/A/XCTTargetBootstrap
0x00000001ab6b9000 	/System/Library/PrivateFrameworks/InternationalSupport.framework/Versions/A/InternationalSupport
0x00000001ab742000 	/System/Library/PrivateFrameworks/UserActivity.framework/Versions/A/UserActivity
0x00000001aab56000 	/usr/lib/libspindump.dylib
0x00000001a2a1a000 	/System/Library/Frameworks/UniformTypeIdentifiers.framework/Versions/A/UniformTypeIdentifiers
0x00000001a623a000 	/usr/lib/libapp_launch_measurement.dylib
0x00000001a576d000 	/System/Library/PrivateFrameworks/CoreAnalytics.framework/Versions/A/CoreAnalytics
0x00000001a623d000 	/System/Library/PrivateFrameworks/CoreAutoLayout.framework/Versions/A/CoreAutoLayout
0x00000001a75fc000 	/System/Library/Frameworks/Metal.framework/Versions/A/Metal
0x00000001a8426000 	/usr/lib/liblangid.dylib
0x00000001a7dc2000 	/System/Library/PrivateFrameworks/CoreSVG.framework/Versions/A/CoreSVG
0x00000001a3e9b000 	/System/Library/PrivateFrameworks/SkyLight.framework/Versions/A/SkyLight
0x00000001a426e000 	/System/Library/Frameworks/CoreGraphics.framework/Versions/A/CoreGraphics
0x00000001b03c9000 	/System/Library/Frameworks/Accelerate.framework/Versions/A/Accelerate
0x00000001aa5a3000 	/System/Library/PrivateFrameworks/IconServices.framework/Versions/A/IconServices
0x00000001a75de000 	/System/Library/Frameworks/IOSurface.framework/Versions/A/IOSurface
0x00000001a579e000 	/usr/lib/libDiagnosticMessagesClient.dylib
0x00000001b3913000 	/System/Library/Frameworks/ApplicationServices.framework/Versions/A/ApplicationServices
0x00000001a7da5000 	/System/Library/PrivateFrameworks/DFRFoundation.framework/Versions/A/DFRFoundation
0x00000001a1184000 	/usr/lib/libicucore.A.dylib
0x00000001ac8c4000 	/System/Library/Frameworks/AudioToolbox.framework/Versions/A/AudioToolbox
0x00000001ab6c5000 	/System/Library/PrivateFrameworks/DataDetectorsCore.framework/Versions/A/DataDetectorsCore
0x00000001c2436000 	/System/Library/PrivateFrameworks/TextInput.framework/Versions/A/TextInput
0x00000001a3e10000 	/usr/lib/libMobileGestalt.dylib
0x00000001a7a71000 	/System/Library/Frameworks/Carbon.framework/Versions/A/Frameworks/HIToolbox.framework/Versions/A/HIToolbox
0x00000001a5c19000 	/System/Library/Frameworks/QuartzCore.framework/Versions/A/QuartzCore
0x00000001a0e02000 	/System/Library/Frameworks/Security.framework/Versions/A/Security
0x00000001afd44000 	/System/Library/Frameworks/Carbon.framework/Versions/A/Frameworks/SpeechRecognition.framework/Versions/A/SpeechRecognition
0x00000001a5f90000 	/System/Library/PrivateFrameworks/CoreUI.framework/Versions/A/CoreUI
0x00000001a06e0000 	/System/Library/Frameworks/CoreAudio.framework/Versions/A/CoreAudio
0x00000001a5891000 	/System/Library/Frameworks/DiskArbitration.framework/Versions/A/DiskArbitration
0x00000001aaf5f000 	/System/Library/PrivateFrameworks/MultitouchSupport.framework/Versions/A/MultitouchSupport
0x00000001a3e0e000 	/usr/lib/libenergytrace.dylib
0x00000001a17bc000 	/System/Library/Frameworks/IOKit.framework/Versions/A/IOKit
0x00000001b0132000 	/System/Library/Frameworks/CoreServices.framework/Versions/A/CoreServices
0x00000001a61ca000 	/System/Library/PrivateFrameworks/PerformanceAnalysis.framework/Versions/A/PerformanceAnalysis
0x0000000200a33000 	/System/Library/Frameworks/OpenGL.framework/Versions/A/OpenGL
0x00000001a8ea0000 	/System/Library/PrivateFrameworks/MobileKeyBag.framework/Versions/A/MobileKeyBag
0x00000001a487b000 	/System/Library/Frameworks/ColorSync.framework/Versions/A/ColorSync
0x000000019ed56000 	/System/Library/Frameworks/CoreFoundation.framework/Versions/A/CoreFoundation
0x00000001a8043000 	/System/Library/Frameworks/CoreImage.framework/Versions/A/CoreImage
0x00000001a0504000 	/System/Library/Frameworks/CoreText.framework/Versions/A/CoreText
0x00000001a7df2000 	/System/Library/Frameworks/ImageIO.framework/Versions/A/ImageIO
0x00000001a98fd000 	/System/Library/PrivateFrameworks/SoftLinking.framework/Versions/A/SoftLinking
0x00000001a6288000 	/usr/lib/libxml2.2.dylib
0x00000001a9b96000 	/usr/lib/libcompression.dylib
0x00000001ab615000 	/System/Library/PrivateFrameworks/TextureIO.framework/Versions/A/TextureIO
0x00000001aa2bd000 	/usr/lib/libate.dylib
0x00000001aa183000 	/usr/lib/liblzma.5.dylib
0x000000019f945000 	/System/Library/Frameworks/SystemConfiguration.framework/Versions/A/SystemConfiguration
0x00000001a98f9000 	/usr/lib/libfakelink.dylib
0x00000001a393e000 	/System/Library/Frameworks/CFNetwork.framework/Versions/A/CFNetwork
0x00000001a9a3f000 	/usr/lib/libarchive.2.dylib
0x00000001a8422000 	/System/Library/PrivateFrameworks/AppleSystemInfo.framework/Versions/A/AppleSystemInfo
0x00000001a8fb3000 	/usr/lib/libbsm.0.dylib
0x00000001a2ec1000 	/usr/lib/libnetwork.dylib
0x00000001a9893000 	/usr/lib/system/libkxld.dylib
0x00000001a8bc7000 	/System/Library/PrivateFrameworks/IOMobileFramebuffer.framework/Versions/A/IOMobileFramebuffer
0x000000021e9bc000 	/usr/lib/libCoreEntitlements.dylib
0x00000001a95cf000 	/System/Library/PrivateFrameworks/AppleFSCompression.framework/Versions/A/AppleFSCompression
0x00000001a8f9b000 	/usr/lib/libcoretls.dylib
0x00000001aa19c000 	/usr/lib/libcoretls_cfhelpers.dylib
0x00000001a9b91000 	/usr/lib/libpam.2.dylib
0x00000001a51d7000 	/usr/lib/libsqlite3.dylib
0x00000001aa205000 	/usr/lib/libxar.1.dylib
0x00000001a95e0000 	/usr/lib/libbz2.1.0.dylib
0x00000001a98fe000 	/usr/lib/libpcap.A.dylib
0x00000001a55b5000 	/usr/lib/libdns_services.dylib
0x00000001a9b64000 	/usr/lib/libapple_nghttp2.dylib
0x00000001a993b000 	/usr/lib/libiconv.2.dylib
0x00000001a9889000 	/usr/lib/libcharset.1.dylib
0x00000001a6206000 	/System/Library/Frameworks/CoreServices.framework/Versions/A/Frameworks/FSEvents.framework/Versions/A/FSEvents
0x00000001a1445000 	/System/Library/Frameworks/CoreServices.framework/Versions/A/Frameworks/CarbonCore.framework/Versions/A/CarbonCore
0x00000001a57f2000 	/System/Library/Frameworks/CoreServices.framework/Versions/A/Frameworks/Metadata.framework/Versions/A/Metadata
0x00000001a95f3000 	/System/Library/Frameworks/CoreServices.framework/Versions/A/Frameworks/OSServices.framework/Versions/A/OSServices
0x00000001a9ac5000 	/System/Library/Frameworks/CoreServices.framework/Versions/A/Frameworks/SearchKit.framework/Versions/A/SearchKit
0x00000001a5544000 	/System/Library/Frameworks/CoreServices.framework/Versions/A/Frameworks/AE.framework/Versions/A/AE
0x000000019f29c000 	/System/Library/Frameworks/CoreServices.framework/Versions/A/Frameworks/LaunchServices.framework/Versions/A/LaunchServices
0x00000001aa12c000 	/System/Library/Frameworks/CoreServices.framework/Versions/A/Frameworks/DictionaryServices.framework/Versions/A/DictionaryServices
0x00000001a6213000 	/System/Library/Frameworks/CoreServices.framework/Versions/A/Frameworks/SharedFileList.framework/Versions/A/SharedFileList
0x00000001a8f8b000 	/usr/lib/libCheckFix.dylib
0x00000001a3e7f000 	/System/Library/PrivateFrameworks/TCC.framework/Versions/A/TCC
0x00000001a8428000 	/System/Library/PrivateFrameworks/CoreNLP.framework/Versions/A/CoreNLP
0x00000001a57a1000 	/System/Library/PrivateFrameworks/MetadataUtilities.framework/Versions/A/MetadataUtilities
0x000000019f9fe000 	/usr/lib/libmecabra.dylib
0x00000001a8fc4000 	/usr/lib/libmecab.dylib
0x000000019f9ca000 	/usr/lib/libCRFSuite.dylib
0x00000001a9021000 	/usr/lib/libgermantok.dylib
0x00000001a9b3d000 	/usr/lib/libThaiTokenizer.dylib
0x00000001a5899000 	/System/Library/Frameworks/Accelerate.framework/Versions/A/Frameworks/vImage.framework/Versions/A/vImage
0x00000001b0109000 	/System/Library/Frameworks/Accelerate.framework/Versions/A/Frameworks/vecLib.framework/Versions/A/vecLib
0x00000001aa249000 	/System/Library/Frameworks/Accelerate.framework/Versions/A/Frameworks/vecLib.framework/Versions/A/libvMisc.dylib
0x00000001a8acd000 	/System/Library/Frameworks/Accelerate.framework/Versions/A/Frameworks/vecLib.framework/Versions/A/libvDSP.dylib
0x000000019f625000 	/System/Library/Frameworks/Accelerate.framework/Versions/A/Frameworks/vecLib.framework/Versions/A/libBLAS.dylib
0x00000001a9c67000 	/System/Library/Frameworks/Accelerate.framework/Versions/A/Frameworks/vecLib.framework/Versions/A/libLAPACK.dylib
0x00000001a9024000 	/System/Library/Frameworks/Accelerate.framework/Versions/A/Frameworks/vecLib.framework/Versions/A/libLinearAlgebra.dylib
0x00000001a9b7c000 	/System/Library/Frameworks/Accelerate.framework/Versions/A/Frameworks/vecLib.framework/Versions/A/libSparseBLAS.dylib
0x00000001a9c62000 	/System/Library/Frameworks/Accelerate.framework/Versions/A/Frameworks/vecLib.framework/Versions/A/libQuadrature.dylib
0x00000001a8521000 	/System/Library/Frameworks/Accelerate.framework/Versions/A/Frameworks/vecLib.framework/Versions/A/libBNNS.dylib
0x000000019f8e3000 	/System/Library/Frameworks/Accelerate.framework/Versions/A/Frameworks/vecLib.framework/Versions/A/libSparse.dylib
0x00000001a8519000 	/System/Library/PrivateFrameworks/LinguisticData.framework/Versions/A/LinguisticData
0x000000019f89b000 	/System/Library/PrivateFrameworks/Lexicon.framework/Versions/A/Lexicon
0x00000001aa241000 	/usr/lib/libChineseTokenizer.dylib
0x00000001a0040000 	/System/Library/PrivateFrameworks/LanguageModeling.framework/Versions/A/LanguageModeling
0x00000001a9b3f000 	/System/Library/PrivateFrameworks/AppleSauce.framework/Versions/A/AppleSauce
0x00000001a8bb4000 	/System/Library/PrivateFrameworks/CoreEmoji.framework/Versions/A/CoreEmoji
0x00000001a9a2d000 	/usr/lib/libcmph.dylib
0x00000001a61e6000 	/System/Library/Frameworks/OpenDirectory.framework/Versions/A/Frameworks/CFOpenDirectory.framework/Versions/A/CFOpenDirectory
0x00000001a61d6000 	/System/Library/Frameworks/OpenDirectory.framework/Versions/A/OpenDirectory
0x00000001aa19e000 	/System/Library/PrivateFrameworks/APFS.framework/Versions/A/APFS
0x00000001a8edb000 	/System/Library/Frameworks/SecurityFoundation.framework/Versions/A/SecurityFoundation
0x00000001aa213000 	/usr/lib/libutil.dylib
0x00000001a177e000 	/System/Library/PrivateFrameworks/CoreServicesStore.framework/Versions/A/CoreServicesStore
0x00000001aa217000 	/usr/lib/libxslt.1.dylib
0x00000001a8f6f000 	/System/Library/PrivateFrameworks/BackgroundTaskManagement.framework/Versions/A/BackgroundTaskManagement
0x00000001ab536000 	/System/Library/Frameworks/ImageIO.framework/Versions/A/Resources/libRadiance.dylib
0x00000001ab53f000 	/System/Library/Frameworks/ImageIO.framework/Versions/A/Resources/libJPEG.dylib
0x00000001ab492000 	/System/Library/Frameworks/ImageIO.framework/Versions/A/Resources/libPng.dylib
0x00000001ab4b4000 	/System/Library/Frameworks/ImageIO.framework/Versions/A/Resources/libTIFF.dylib
0x00000001ab59a000 	/System/Library/Frameworks/ImageIO.framework/Versions/A/Resources/libGIF.dylib
0x00000001aae6f000 	/System/Library/Frameworks/ImageIO.framework/Versions/A/Resources/libJP2.dylib
0x00000001aa568000 	/usr/lib/libexpat.1.dylib
0x00000001aae2a000 	/System/Library/PrivateFrameworks/AppleJPEG.framework/Versions/A/AppleJPEG
0x00000001a792d000 	/System/Library/PrivateFrameworks/FontServices.framework/libFontParser.dylib
0x00000001a54e9000 	/System/Library/PrivateFrameworks/RunningBoardServices.framework/Versions/A/RunningBoardServices
0x00000001b6233000 	/System/Library/PrivateFrameworks/IOSurfaceAccelerator.framework/Versions/A/IOSurfaceAccelerator
0x00000001aaf5b000 	/System/Library/PrivateFrameworks/WatchdogClient.framework/Versions/A/WatchdogClient
0x00000001a0140000 	/System/Library/Frameworks/CoreDisplay.framework/Versions/A/CoreDisplay
0x00000001a7765000 	/System/Library/Frameworks/CoreMedia.framework/Versions/A/CoreMedia
0x00000001a75f2000 	/System/Library/PrivateFrameworks/IOAccelerator.framework/Versions/A/IOAccelerator
0x00000001a6376000 	/System/Library/Frameworks/CoreVideo.framework/Versions/A/CoreVideo
0x00000001a9b8f000 	/System/Library/Frameworks/MetalPerformanceShaders.framework/Versions/A/MetalPerformanceShaders
0x00000001aaf9a000 	/System/Library/Frameworks/VideoToolbox.framework/Versions/A/VideoToolbox
0x00000001a542d000 	/System/Library/PrivateFrameworks/BaseBoard.framework/Versions/A/BaseBoard
0x00000001a51b9000 	/System/Library/PrivateFrameworks/ProtocolBuffer.framework/Versions/A/ProtocolBuffer
0x00000001ab531000 	/System/Library/PrivateFrameworks/GPUWrangler.framework/Versions/A/GPUWrangler
0x00000001ab511000 	/System/Library/PrivateFrameworks/IOPresentment.framework/Versions/A/IOPresentment
0x00000001ab539000 	/System/Library/PrivateFrameworks/DSExternalDisplay.framework/Versions/A/DSExternalDisplay
0x0000000200a26000 	/System/Library/Frameworks/OpenGL.framework/Versions/A/Libraries/libCoreFSCache.dylib
0x000000020b691000 	/System/Library/PrivateFrameworks/GPUCompiler.framework/Versions/31001/Libraries/libGPUCompilerUtils.dylib
0x00000001ab59f000 	/System/Library/PrivateFrameworks/CMCaptureCore.framework/Versions/A/CMCaptureCore
0x00000001aab43000 	/System/Library/PrivateFrameworks/AppServerSupport.framework/Versions/A/AppServerSupport
0x00000001ad17f000 	/System/Library/PrivateFrameworks/perfdata.framework/Versions/A/perfdata
0x00000001a0260000 	/System/Library/PrivateFrameworks/AudioToolboxCore.framework/Versions/A/AudioToolboxCore
0x00000001a773e000 	/System/Library/PrivateFrameworks/caulk.framework/Versions/A/caulk
0x00000001aca74000 	/usr/lib/libAudioStatistics.dylib
0x00000001beac0000 	/System/Library/PrivateFrameworks/SystemPolicy.framework/Versions/A/SystemPolicy
0x00000001acce0000 	/usr/lib/libSMC.dylib
0x00000001b5a54000 	/System/Library/Frameworks/CoreMIDI.framework/Versions/A/CoreMIDI
0x00000001ab460000 	/usr/lib/libAudioToolboxUtility.dylib
0x00000001bab49000 	/System/Library/PrivateFrameworks/OSAServicesClient.framework/Versions/A/OSAServicesClient
0x00000001ad18c000 	/usr/lib/libperfcheck.dylib
0x00000001bf5d8000 	/usr/lib/libmis.dylib
0x0000000200a88000 	/System/Library/Frameworks/OpenGL.framework/Versions/A/Libraries/libGLU.dylib
0x0000000200a47000 	/System/Library/Frameworks/OpenGL.framework/Versions/A/Libraries/libGFXShared.dylib
0x0000000200c34000 	/System/Library/Frameworks/OpenGL.framework/Versions/A/Libraries/libGL.dylib
0x0000000200a50000 	/System/Library/Frameworks/OpenGL.framework/Versions/A/Libraries/libGLImage.dylib
0x0000000200a44000 	/System/Library/Frameworks/OpenGL.framework/Versions/A/Libraries/libCVMSPluginSupport.dylib
0x0000000200a2d000 	/System/Library/Frameworks/OpenGL.framework/Versions/A/Libraries/libCoreVMClient.dylib
0x00000001a83a3000 	/System/Library/Frameworks/MetalPerformanceShaders.framework/Versions/A/Frameworks/MPSCore.framework/Versions/A/MPSCore
0x00000001a9542000 	/System/Library/Frameworks/MetalPerformanceShaders.framework/Versions/A/Frameworks/MPSImage.framework/Versions/A/MPSImage
0x00000001a9039000 	/System/Library/Frameworks/MetalPerformanceShaders.framework/Versions/A/Frameworks/MPSNeuralNetwork.framework/Versions/A/MPSNeuralNetwork
0x00000001a9474000 	/System/Library/Frameworks/MetalPerformanceShaders.framework/Versions/A/Frameworks/MPSMatrix.framework/Versions/A/MPSMatrix
0x00000001a924c000 	/System/Library/Frameworks/MetalPerformanceShaders.framework/Versions/A/Frameworks/MPSRayIntersector.framework/Versions/A/MPSRayIntersector
0x00000001a94a5000 	/System/Library/Frameworks/MetalPerformanceShaders.framework/Versions/A/Frameworks/MPSNDArray.framework/Versions/A/MPSNDArray
0x00000002033ce000 	/System/Library/Frameworks/MetalPerformanceShaders.framework/Versions/A/Frameworks/MPSFunctions.framework/Versions/A/MPSFunctions
0x000000019f4fc000 	/System/Library/PrivateFrameworks/MetalTools.framework/Versions/A/MetalTools
0x00000001a8420000 	/System/Library/PrivateFrameworks/AggregateDictionary.framework/Versions/A/AggregateDictionary
0x00000001aa34e000 	/usr/lib/libIOReport.dylib
0x00000001b4a64000 	/System/Library/PrivateFrameworks/ASEProcessing.framework/Versions/A/ASEProcessing
0x00000001aa6ec000 	/System/Library/PrivateFrameworks/FaceCore.framework/Versions/A/FaceCore
0x00000001aa6de000 	/System/Library/PrivateFrameworks/GraphVisualizer.framework/Versions/A/GraphVisualizer
0x000000020b5a8000 	/System/Library/PrivateFrameworks/FontServices.framework/Versions/A/FontServices
0x00000001aaaff000 	/System/Library/PrivateFrameworks/OTSVG.framework/Versions/A/OTSVG
0x00000001a5f40000 	/System/Library/Frameworks/ApplicationServices.framework/Versions/A/Frameworks/ATS.framework/Versions/A/Resources/libFontRegistry.dylib
0x00000001aab4c000 	/System/Library/PrivateFrameworks/FontServices.framework/libhvf.dylib
0x000000020b5a9000 	/System/Library/PrivateFrameworks/FontServices.framework/libXTFontStaticRegistryData.dylib
0x0000000200dd5000 	/System/Library/Frameworks/OpenCL.framework/Versions/A/OpenCL
0x00000001aa51c000 	/System/Library/PrivateFrameworks/AppleVA.framework/Versions/A/AppleVA
0x00000001aca9c000 	/System/Library/Frameworks/ApplicationServices.framework/Versions/A/Frameworks/ATS.framework/Versions/A/ATS
0x00000001a4978000 	/System/Library/Frameworks/ApplicationServices.framework/Versions/A/Frameworks/HIServices.framework/Versions/A/HIServices
0x00000001ab5a9000 	/System/Library/Frameworks/ApplicationServices.framework/Versions/A/Frameworks/PrintCore.framework/Versions/A/PrintCore
0x00000001ace33000 	/System/Library/Frameworks/ApplicationServices.framework/Versions/A/Frameworks/QD.framework/Versions/A/QD
0x00000001ace2b000 	/System/Library/Frameworks/ApplicationServices.framework/Versions/A/Frameworks/ColorSyncLegacy.framework/Versions/A/ColorSyncLegacy
0x00000001aca88000 	/System/Library/Frameworks/ApplicationServices.framework/Versions/A/Frameworks/SpeechSynthesis.framework/Versions/A/SpeechSynthesis
0x00000001ab56a000 	/System/Library/Frameworks/ApplicationServices.framework/Versions/A/Frameworks/ATSUI.framework/Versions/A/ATSUI
0x00000001acdc0000 	/usr/lib/libcups.2.dylib
0x00000001ad19a000 	/System/Library/Frameworks/Kerberos.framework/Versions/A/Kerberos
0x00000001ad1ab000 	/System/Library/Frameworks/GSS.framework/Versions/A/GSS
0x00000001acb0c000 	/usr/lib/libresolv.9.dylib
0x00000001aab5b000 	/System/Library/PrivateFrameworks/Heimdal.framework/Versions/A/Heimdal
0x00000001b3c99000 	/System/Library/Frameworks/Kerberos.framework/Versions/A/Libraries/libHeimdalProxy.dylib
0x00000001a55c7000 	/System/Library/Frameworks/Network.framework/Versions/A/Network
0x00000001aa583000 	/usr/lib/libheimdal-asn1.dylib
0x00000001ad1fb000 	/System/Library/PrivateFrameworks/CommonAuth.framework/Versions/A/CommonAuth
0x00000001aca02000 	/System/Library/PrivateFrameworks/AudioSession.framework/Versions/A/AudioSession
0x00000001aa615000 	/System/Library/PrivateFrameworks/MediaExperience.framework/Versions/A/MediaExperience
0x00000001ac88a000 	/System/Library/PrivateFrameworks/AudioSession.framework/libSessionUtility.dylib
0x00000001ace3f000 	/System/Library/PrivateFrameworks/AudioResourceArbitration.framework/Versions/A/AudioResourceArbitration
0x00000001b0fcf000 	/System/Library/PrivateFrameworks/PowerLog.framework/Versions/A/PowerLog
0x00000001aa58d000 	/System/Library/PrivateFrameworks/IconFoundation.framework/Versions/A/IconFoundation
0x00000001afd30000 	/System/Library/PrivateFrameworks/SpeechRecognitionCore.framework/Versions/A/SpeechRecognitionCore
0x000000010570c000 	/Library/Java/JavaVirtualMachines/jdk-17.0.2.jdk/Contents/Home/lib/server/libjvm.dylib
0x0000000104648000 	/Library/Java/JavaVirtualMachines/jdk-17.0.2.jdk/Contents/Home/lib/libjimage.dylib
0x0000000104830000 	/Library/Java/JavaVirtualMachines/jdk-17.0.2.jdk/Contents/Home/lib/libinstrument.dylib
0x000000010487c000 	/Library/Java/JavaVirtualMachines/jdk-17.0.2.jdk/Contents/Home/lib/libjava.dylib
0x0000000105330000 	/Library/Java/JavaVirtualMachines/jdk-17.0.2.jdk/Contents/Home/lib/libnio.dylib
0x0000000105350000 	/Library/Java/JavaVirtualMachines/jdk-17.0.2.jdk/Contents/Home/lib/libnet.dylib
0x0000000104860000 	/Library/Java/JavaVirtualMachines/jdk-17.0.2.jdk/Contents/Home/lib/libzip.dylib
0x0000000105374000 	/Users/johan/.openjfx/cache/17.0.1/libprism_es2.dylib
0x00000001a1741000 	/System/Library/PrivateFrameworks/CoreServicesInternal.framework/Versions/A/CoreServicesInternal
0x0000000200c3e000 	/System/Library/Frameworks/OpenGL.framework/Versions/A/Resources/GLEngine.bundle/GLEngine
0x0000000200ac6000 	/System/Library/Frameworks/OpenGL.framework/Versions/A/Libraries/libGLProgrammability.dylib
0x0000000105574000 	/System/Library/Extensions/AppleMetalOpenGLRenderer.bundle/Contents/MacOS/AppleMetalOpenGLRenderer
0x0000000200dad000 	/System/Library/Frameworks/OpenGL.framework/Versions/A/Resources/GLRendererFloat.bundle/GLRendererFloat
0x00000001e598e000 	/System/Library/Extensions/AGXMetalG13X.bundle/Contents/MacOS/AGXMetalG13X
0x00000001bf5f4000 	/System/Library/PrivateFrameworks/GPURawCounter.framework/Versions/A/GPURawCounter
0x00000001b9cb3000 	/System/Library/PrivateFrameworks/IOGPU.framework/Versions/A/IOGPU
0x0000000105670000 	/Users/johan/.openjfx/cache/17.0.1/libglass.dylib
0x00000001b1227000 	/System/Library/Frameworks/FileProvider.framework/Versions/A/FileProvider
0x00000001a5395000 	/System/Library/Frameworks/Accounts.framework/Versions/A/Accounts
0x00000001b13ab000 	/System/Library/PrivateFrameworks/GenerationalStorage.framework/Versions/A/GenerationalStorage
0x00000001b1fcb000 	/System/Library/PrivateFrameworks/CoreSymbolication.framework/Versions/A/CoreSymbolication
0x00000001b0fc3000 	/System/Library/PrivateFrameworks/SymptomDiagnosticReporter.framework/Versions/A/SymptomDiagnosticReporter
0x00000001a2a2e000 	/System/Library/PrivateFrameworks/DesktopServicesPriv.framework/Versions/A/DesktopServicesPriv
0x00000001a18a3000 	/usr/lib/libsandbox.1.dylib
0x00000001a6404000 	/System/Library/PrivateFrameworks/UserManagement.framework/Versions/A/UserManagement
0x00000001b1f8c000 	/System/Library/PrivateFrameworks/DebugSymbols.framework/Versions/A/DebugSymbols
0x00000001ace1e000 	/System/Library/PrivateFrameworks/NetAuth.framework/Versions/A/NetAuth
0x00000001add33000 	/System/Library/PrivateFrameworks/Sharing.framework/Versions/A/Sharing
0x00000001a63d4000 	/System/Library/PrivateFrameworks/login.framework/Versions/A/Frameworks/loginsupport.framework/Versions/A/loginsupport
0x00000001b31ba000 	/System/Library/PrivateFrameworks/Apple80211.framework/Versions/A/Apple80211
0x00000001a9626000 	/System/Library/PrivateFrameworks/AuthKit.framework/Versions/A/AuthKit
0x00000001a8caf000 	/System/Library/PrivateFrameworks/CoreUtils.framework/Versions/A/CoreUtils
0x00000001a8bd3000 	/System/Library/Frameworks/CoreWLAN.framework/Versions/A/CoreWLAN
0x00000001adea2000 	/System/Library/Frameworks/IOBluetooth.framework/Versions/A/IOBluetooth
0x00000001b321a000 	/System/Library/PrivateFrameworks/CoreWiFi.framework/Versions/A/CoreWiFi
0x00000001b1b6c000 	/System/Library/PrivateFrameworks/FrontBoardServices.framework/Versions/A/FrontBoardServices
0x00000001b1c04000 	/System/Library/PrivateFrameworks/BoardServices.framework/Versions/A/BoardServices
0x00000001a8ec9000 	/System/Library/PrivateFrameworks/AssertionServices.framework/Versions/A/AssertionServices
0x00000001b3397000 	/System/Library/PrivateFrameworks/BackBoardServices.framework/Versions/A/BackBoardServices
0x00000001ad290000 	/System/Library/PrivateFrameworks/CorePhoneNumbers.framework/Versions/A/CorePhoneNumbers
0x00000001b10f3000 	/System/Library/PrivateFrameworks/DiskManagement.framework/Versions/A/DiskManagement
0x00000001b0ff6000 	/System/Library/PrivateFrameworks/AppleIDAuthSupport.framework/Versions/A/AppleIDAuthSupport
0x0000000205b98000 	/System/Library/PrivateFrameworks/AAAFoundation.framework/Versions/A/AAAFoundation
0x00000001ad26f000 	/System/Library/PrivateFrameworks/KeychainCircle.framework/Versions/A/KeychainCircle
0x00000001b10bf000 	/System/Library/PrivateFrameworks/MediaKit.framework/Versions/A/MediaKit
0x00000001b1003000 	/System/Library/Frameworks/DiscRecording.framework/Versions/A/DiscRecording
0x00000001aa498000 	/usr/lib/libCoreStorage.dylib
0x00000001b3694000 	/usr/lib/libcsfde.dylib
0x00000001adf77000 	/System/Library/PrivateFrameworks/ProtectedCloudStorage.framework/Versions/A/ProtectedCloudStorage
0x00000001b368c000 	/System/Library/PrivateFrameworks/EFILogin.framework/Versions/A/EFILogin
0x00000001b13d2000 	/System/Library/PrivateFrameworks/OctagonTrust.framework/Versions/A/OctagonTrust
0x000000020a754000 	/System/Library/PrivateFrameworks/CoreUtilsExtras.framework/Versions/A/CoreUtilsExtras
0x00000001b0f28000 	/System/Library/Frameworks/CoreBluetooth.framework/Versions/A/CoreBluetooth
0x00000001b3d1e000 	/System/Library/Frameworks/AudioUnit.framework/Versions/A/AudioUnit
0x00000001aa490000 	/usr/lib/libMatch.1.dylib
0x00000001c3a59000 	/System/Library/Frameworks/Accelerate.framework/Versions/A/Frameworks/vImage.framework/Versions/A/Libraries/libCGInterfaces.dylib
0x000000012a64c000 	/usr/lib/libobjc-trampolines.dylib
0x000000021eb3a000 	/usr/lib/libRosetta.dylib
0x00000001a60ce000 	/System/Library/PrivateFrameworks/ViewBridge.framework/Versions/A/ViewBridge
0x00000001aa357000 	/System/Library/PrivateFrameworks/CrashReporterSupport.framework/Versions/A/CrashReporterSupport
0x00000001cb4b2000 	/System/Library/PrivateFrameworks/OSAnalytics.framework/Versions/A/OSAnalytics
0x00000001d6738000 	/System/Library/PrivateFrameworks/Symbolication.framework/Versions/A/Symbolication
0x00000001bf5b5000 	/System/Library/PrivateFrameworks/MallocStackLogging.framework/Versions/A/MallocStackLogging
0x000000012f764000 	/Users/johan/.openjfx/cache/17.0.1/libjavafx_font.dylib
0x00000001aac1e000 	/System/Library/PrivateFrameworks/login.framework/Versions/A/login
0x000000020624b000 	/System/Library/PrivateFrameworks/AccessibilityBundles.framework/Versions/A/AccessibilityBundles


VM Arguments:
jvm_args: -Djava.library.path=/Users/johan/Downloads/javafx-sdk-17.0.2/lib -javaagent:/Applications/IntelliJ IDEA.app/Contents/lib/idea_rt.jar=50532:/Applications/IntelliJ IDEA.app/Contents/bin -Dfile.encoding=UTF-8 --module-path=/Users/johan/.m2/repository/org/openjfx/javafx-graphics/17.0.1/javafx-graphics-17.0.1-mac-aarch64.jar:/Users/johan/Downloads/javafx-sdk-17.0.2/lib/javafx.graphics.jar:/Users/johan/.m2/repository/org/openjfx/javafx-base/17.0.1/javafx-base-17.0.1-mac-aarch64.jar:/Users/johan/Downloads/javafx-sdk-17.0.2/lib/javafx.base.jar:/Users/johan/.m2/repository/org/openjfx/javafx-fxml/17.0.1/javafx-fxml-17.0.1-mac-aarch64.jar:/Users/johan/Downloads/javafx-sdk-17.0.2/lib/javafx.fxml.jar:/Users/johan/dev/feuerwehr-demo/target/classes:/Users/johan/.m2/repository/org/openjfx/javafx-controls/17.0.1/javafx-controls-17.0.1-mac-aarch64.jar:/Users/johan/Downloads/javafx-sdk-17.0.2/lib/javafx.controls.jar:/Users/johan/.m2/repository/org/kordamp/ikonli/ikonli-javafx/12.2.0/ikonli-javafx-12.2.0.jar:/Users/johan/Downloads/javafx-sdk-17.0.2/lib/javafx.media.jar:/Users/johan/.m2/repository/org/kordamp/bootstrapfx/bootstrapfx-core/0.4.0/bootstrapfx-core-0.4.0.jar:/Users/johan/.m2/repository/org/kordamp/ikonli/ikonli-core/12.2.0/ikonli-core-12.2.0.jar:/Users/johan/.m2/repository/com/dlsc/formsfx/formsfx-core/11.3.2/formsfx-core-11.3.2.jar:/Users/johan/.m2/repository/org/controlsfx/controlsfx/11.1.0/controlsfx-11.1.0.jar -Djdk.module.main=com.feuerwehrdemo 
java_command: com.feuerwehrdemo/com.feuerwehrdemo.HelloApplication
java_class_path (initial): /Users/johan/.m2/repository/org/openjfx/javafx-controls/17.0.1/javafx-controls-17.0.1.jar:/Users/johan/.m2/repository/org/openjfx/javafx-graphics/17.0.1/javafx-graphics-17.0.1.jar:/Users/johan/.m2/repository/org/openjfx/javafx-base/17.0.1/javafx-base-17.0.1.jar:/Users/johan/.m2/repository/org/openjfx/javafx-fxml/17.0.1/javafx-fxml-17.0.1.jar:/Users/johan/Downloads/javafx-sdk-17.0.2/lib/javafx-swt.jar:/Users/johan/Downloads/javafx-sdk-17.0.2/lib/javafx.web.jar:/Users/johan/Downloads/javafx-sdk-17.0.2/lib/javafx.swing.jar
Launcher Type: SUN_STANDARD

[Global flags]
     intx CICompilerCount                          = 4                                         {product} {ergonomic}
     uint ConcGCThreads                            = 2                                         {product} {ergonomic}
     uint G1ConcRefinementThreads                  = 8                                         {product} {ergonomic}
   size_t G1HeapRegionSize                         = 2097152                                   {product} {ergonomic}
    uintx GCDrainStackTargetSize                   = 64                                        {product} {ergonomic}
   size_t InitialHeapSize                          = 268435456                                 {product} {ergonomic}
   size_t MarkStackSize                            = 4194304                                   {product} {ergonomic}
   size_t MaxHeapSize                              = 4294967296                                {product} {ergonomic}
   size_t MaxNewSize                               = 2575302656                                {product} {ergonomic}
   size_t MinHeapDeltaBytes                        = 2097152                                   {product} {ergonomic}
   size_t MinHeapSize                              = 8388608                                   {product} {ergonomic}
    uintx NonNMethodCodeHeapSize                   = 5839564                                {pd product} {ergonomic}
    uintx NonProfiledCodeHeapSize                  = 122909338                              {pd product} {ergonomic}
    uintx ProfiledCodeHeapSize                     = 122909338                              {pd product} {ergonomic}
    uintx ReservedCodeCacheSize                    = 251658240                              {pd product} {ergonomic}
     bool SegmentedCodeCache                       = true                                      {product} {ergonomic}
   size_t SoftMaxHeapSize                          = 4294967296                             {manageable} {ergonomic}
     bool UseCompressedClassPointers               = true                           {product lp64_product} {ergonomic}
     bool UseCompressedOops                        = true                           {product lp64_product} {ergonomic}
     bool UseG1GC                                  = true                                      {product} {ergonomic}
     bool UseNUMA                                  = false                                     {product} {ergonomic}
     bool UseNUMAInterleaving                      = false                                     {product} {ergonomic}

Logging:
Log output configuration:
 #0: stdout all=warning uptime,level,tags
 #1: stderr all=off uptime,level,tags

Environment Variables:
PATH=/Users/johan/.nvm/versions/node/v17.4.0/bin:/opt/homebrew/opt/python@3.10/bin:/opt/homebrew/bin:/opt/homebrew/sbin:/usr/local/bin:/usr/bin:/bin:/usr/sbin:/sbin:/Users/johan/Library/Python/3.10/bin:/opt/homebrew/bin/code:/opt/homebrew/opt/python@3.10/Frameworks/Python.framework/Versions/3.10/bin:/Library/Apple/usr/bin:/Applications/Visual Studio Code.app/Contents/Resources/app/bin
SHELL=/opt/homebrew/bin/zsh
LC_CTYPE=UTF-8

Signal Handlers:
   SIGSEGV: _ZL13crash_handleriP9__siginfoPv in libjvm.dylib, mask=11100110000111110111111111111111, flags=SA_RESTART|SA_SIGINFO
    SIGBUS: _ZL13crash_handleriP9__siginfoPv in libjvm.dylib, mask=11100110000111110111111111111111, flags=SA_RESTART|SA_SIGINFO
    SIGFPE: _ZL13crash_handleriP9__siginfoPv in libjvm.dylib, mask=11100110000111110111111111111111, flags=SA_RESTART|SA_SIGINFO
   SIGPIPE: _ZL17javaSignalHandleriP9__siginfoPv in libjvm.dylib, mask=11100110000111110111111111111111, flags=SA_RESTART|SA_SIGINFO
   SIGXFSZ: _ZL17javaSignalHandleriP9__siginfoPv in libjvm.dylib, mask=11100110000111110111111111111111, flags=SA_RESTART|SA_SIGINFO
    SIGILL: _ZL13crash_handleriP9__siginfoPv in libjvm.dylib, mask=11100110000111110111111111111111, flags=SA_RESTART|SA_SIGINFO
   SIGUSR2: _ZL10SR_handleriP9__siginfoP17__darwin_ucontext in libjvm.dylib, mask=00100000000000000000000000000000, flags=SA_RESTART|SA_SIGINFO
    SIGHUP: _ZL11UserHandleriPvS_ in libjvm.dylib, mask=11100110000111110111111111111111, flags=SA_RESTART|SA_SIGINFO
    SIGINT: _ZL11UserHandleriPvS_ in libjvm.dylib, mask=11100110000111110111111111111111, flags=SA_RESTART|SA_SIGINFO
   SIGTERM: _ZL11UserHandleriPvS_ in libjvm.dylib, mask=11100110000111110111111111111111, flags=SA_RESTART|SA_SIGINFO
   SIGQUIT: _ZL11UserHandleriPvS_ in libjvm.dylib, mask=11100110000111110111111111111111, flags=SA_RESTART|SA_SIGINFO
   SIGTRAP: _ZL13crash_handleriP9__siginfoPv in libjvm.dylib, mask=11100110000111110111111111111111, flags=SA_RESTART|SA_SIGINFO


---------------  S Y S T E M  ---------------

OS:
uname: Darwin 21.4.0 Darwin Kernel Version 21.4.0: Tue Jan 18 13:02:02 PST 2022; root:xnu-8020.100.406.0.1~18/RELEASE_ARM64_T6000 arm64
OS uptime: 0 days 1:52 hours
rlimit (soft/hard): STACK 8176k/65520k , CORE 0k/infinity , NPROC 2666/4000 , NOFILE 10240/infinity , AS infinity/infinity , CPU infinity/infinity , DATA infinity/infinity , FSIZE infinity/infinity , MEMLOCK infinity/infinity , RSS infinity/infinity
load average: 1.31 1.65 1.96

CPU: total 8 (initial active 8) 0x61:0x0:0x1b588bb3:0, fp, simd, crc, lse

Memory: 16k page, physical 16777216k(99568k free), swap 0k(0k free)

vm_info: Java HotSpot(TM) 64-Bit Server VM (17.0.2+8-LTS-86) for bsd-aarch64 JRE (17.0.2+8-LTS-86), built on Dec  7 2021 21:47:50 by "mach5one" with clang Apple LLVM 12.0.0 (clang-1200.0.32.29)

END.
